#
# There is insufficient memory for the Java Runtime Environment to continue.
# Native memory allocation (malloc) failed to allocate 1468560 bytes for Chunk::new
# Possible reasons:
#   The system is out of physical RAM or swap space
#   The process is running with CompressedOops enabled, and the Java Heap may be blocking the growth of the native heap
# Possible solutions:
#   Reduce memory load on the system
#   Increase physical memory or swap space
#   Check if swap backing store is full
#   Decrease Java heap size (-Xmx/-Xms)
#   Decrease number of Java threads
#   Decrease Java thread stack sizes (-Xss)
#   Set larger code cache with -XX:ReservedCodeCacheSize=
#   JVM is running with Unscaled Compressed Oops mode in which the Java heap is
#     placed in the first 4GB address space. The Java Heap base address is the
#     maximum limit for the native heap growth. Please use -XX:HeapBaseMinAddress
#     to set the Java Heap base and to place the Java Heap above 4GB virtual address.
# This output file may be truncated or incomplete.
#
#  Out of Memory Error (arena.cpp:189), pid=15336, tid=10332
#
# JRE version: Java(TM) SE Runtime Environment (17.0.1+12) (build 17.0.1+12-LTS-39)
# Java VM: Java HotSpot(TM) 64-Bit Server VM (17.0.1+12-LTS-39, mixed mode, sharing, tiered, compressed oops, compressed class ptrs, g1 gc, windows-amd64)
# No core dump will be written. Minidumps are not enabled by default on client versions of Windows
#

---------------  S U M M A R Y ------------

Command Line: -javaagent:C:\Program Files\JetBrains\IntelliJ IDEA Community Edition 2021.2.3\lib\idea_rt.jar=56503:C:\Program Files\JetBrains\IntelliJ IDEA Community Edition 2021.2.3\bin -Dfile.encoding=UTF-8 com.examplecodebuffer.sprinboot.SprinbootApplication

Host: Intel(R) Core(TM) i3-8145U CPU @ 2.10GHz, 4 cores, 3G,  Windows 10 , 64 bit Build 22000 (10.0.22000.675)
Time: Sun May 22 13:27:58 2022 India Standard Time elapsed time: 12.566755 seconds (0d 0h 0m 12s)

---------------  T H R E A D  ---------------

Current thread (0x000001d317da1600):  JavaThread "C2 CompilerThread0" daemon [_thread_in_native, id=10332, stack(0x000000706cc00000,0x000000706cd00000)]


Current CompileTask:
C2:  12566 3746       4       jdk.internal.org.objectweb.asm.Frame::execute (2305 bytes)

Stack: [0x000000706cc00000,0x000000706cd00000]
Native frames: (J=compiled Java code, j=interpreted, Vv=VM code, C=native code)
V  [jvm.dll+0x66fa1a]
V  [jvm.dll+0x7ce5a4]
V  [jvm.dll+0x7cfd4e]
V  [jvm.dll+0x7d03b3]
V  [jvm.dll+0x242b05]
V  [jvm.dll+0xaa05b]
V  [jvm.dll+0xaa5ec]
V  [jvm.dll+0x35fa07]
V  [jvm.dll+0x1b9918]
V  [jvm.dll+0x215d49]
V  [jvm.dll+0x215011]
V  [jvm.dll+0x1a168d]
V  [jvm.dll+0x224848]
V  [jvm.dll+0x2229ac]
V  [jvm.dll+0x78435b]
V  [jvm.dll+0x77e91a]
V  [jvm.dll+0x66e845]
C  [ucrtbase.dll+0x26c0c]
C  [KERNEL32.DLL+0x154e0]
C  [ntdll.dll+0x485b]


---------------  P R O C E S S  ---------------

Threads class SMR info:
_java_thread_list=0x000001d335ee95f0, length=20, elements={
0x000001d317cd7680, 0x000001d317d88650, 0x000001d317d8b4d0, 0x000001d317d9cb40,
0x000001d317d9e500, 0x000001d317d9eeb0, 0x000001d317da0870, 0x000001d317da1600,
0x000001d317da30b0, 0x000001d317da5ab0, 0x000001d334cac560, 0x000001d335b90ea0,
0x000001d335b91370, 0x000001d3360f9030, 0x000001d336106b20, 0x000001d338638030,
0x000001d3387e0f50, 0x000001d336e02200, 0x000001d337311c50, 0x000001d337312120
}

Java Threads: ( => current thread )
  0x000001d317cd7680 JavaThread "main" [_thread_blocked, id=16000, stack(0x000000706bf00000,0x000000706c000000)]
  0x000001d317d88650 JavaThread "Reference Handler" daemon [_thread_blocked, id=6616, stack(0x000000706c600000,0x000000706c700000)]
  0x000001d317d8b4d0 JavaThread "Finalizer" daemon [_thread_blocked, id=1740, stack(0x000000706c700000,0x000000706c800000)]
  0x000001d317d9cb40 JavaThread "Signal Dispatcher" daemon [_thread_blocked, id=15304, stack(0x000000706c800000,0x000000706c900000)]
  0x000001d317d9e500 JavaThread "Attach Listener" daemon [_thread_blocked, id=15112, stack(0x000000706c900000,0x000000706ca00000)]
  0x000001d317d9eeb0 JavaThread "Service Thread" daemon [_thread_blocked, id=6604, stack(0x000000706ca00000,0x000000706cb00000)]
  0x000001d317da0870 JavaThread "Monitor Deflation Thread" daemon [_thread_blocked, id=5772, stack(0x000000706cb00000,0x000000706cc00000)]
=>0x000001d317da1600 JavaThread "C2 CompilerThread0" daemon [_thread_in_native, id=10332, stack(0x000000706cc00000,0x000000706cd00000)]
  0x000001d317da30b0 JavaThread "C1 CompilerThread0" daemon [_thread_blocked, id=13524, stack(0x000000706cd00000,0x000000706ce00000)]
  0x000001d317da5ab0 JavaThread "Sweeper thread" daemon [_thread_blocked, id=12144, stack(0x000000706ce00000,0x000000706cf00000)]
  0x000001d334cac560 JavaThread "Common-Cleaner" daemon [_thread_blocked, id=14828, stack(0x000000706cf00000,0x000000706d000000)]
  0x000001d335b90ea0 JavaThread "Monitor Ctrl-Break" daemon [_thread_in_native, id=5288, stack(0x000000706d000000,0x000000706d100000)]
  0x000001d335b91370 JavaThread "Notification Thread" daemon [_thread_blocked, id=1156, stack(0x000000706d100000,0x000000706d200000)]
  0x000001d3360f9030 JavaThread "Thread-0" [_thread_blocked, id=4204, stack(0x000000706d700000,0x000000706d800000)]
  0x000001d336106b20 JavaThread "restartedMain" [_thread_blocked, id=15808, stack(0x000000706d800000,0x000000706d900000)]
  0x000001d338638030 JavaThread "HikariPool-1 housekeeper" daemon [_thread_blocked, id=2960, stack(0x000000706d900000,0x000000706da00000)]
  0x000001d3387e0f50 JavaThread "HikariPool-1 connection adder" daemon [_thread_blocked, id=17196, stack(0x000000706da00000,0x000000706db00000)]
  0x000001d336e02200 JavaThread "Catalina-utility-1" [_thread_new, id=1192, stack(0x0000000000000000,0x0000000000000000)]
  0x000001d337311c50 JavaThread "Catalina-utility-2" [_thread_new, id=16592, stack(0x0000000000000000,0x0000000000000000)]
  0x000001d337312120 JavaThread "container-0" [_thread_blocked, id=17172, stack(0x000000706dd00000,0x000000706de00000)]

Other Threads:
  0x000001d317d84a60 VMThread "VM Thread" [stack: 0x000000706c500000,0x000000706c600000] [id=2336] _threads_hazard_ptr=0x000001d335ee95f0
  0x000001d335b7c620 WatcherThread [stack: 0x000000706d200000,0x000000706d300000] [id=13068]
  0x000001d317d04600 GCTaskThread "GC Thread#0" [stack: 0x000000706c000000,0x000000706c100000] [id=16752]
  0x000001d335fd9ff0 GCTaskThread "GC Thread#1" [stack: 0x000000706d300000,0x000000706d400000] [id=6048]
  0x000001d335e754b0 GCTaskThread "GC Thread#2" [stack: 0x000000706d400000,0x000000706d500000] [id=10004]
  0x000001d335e75760 GCTaskThread "GC Thread#3" [stack: 0x000000706d500000,0x000000706d600000] [id=5144]
  0x000001d317d0ce40 ConcurrentGCThread "G1 Main Marker" [stack: 0x000000706c100000,0x000000706c200000] [id=7488]
  0x000001d317d0d850 ConcurrentGCThread "G1 Conc#0" [stack: 0x000000706c200000,0x000000706c300000] [id=9372]
  0x000001d317d4f1b0 ConcurrentGCThread "G1 Refine#0" [stack: 0x000000706c300000,0x000000706c400000] [id=7340]
  0x000001d335d72ef0 ConcurrentGCThread "G1 Refine#1" [stack: 0x000000706d600000,0x000000706d700000] [id=3988]
  0x000001d317d4fbd0 ConcurrentGCThread "G1 Service" [stack: 0x000000706c400000,0x000000706c500000] [id=1064]

Threads with active compile tasks:
C2 CompilerThread0    12603 3746       4       jdk.internal.org.objectweb.asm.Frame::execute (2305 bytes)

VM state: synchronizing (normal execution)

VM Mutex/Monitor currently owned by a thread:  ([mutex/lock_event])
[0x000001d317cd3dd0] Threads_lock - owner thread: 0x000001d317d84a60
[0x000001d317cd38c0] Heap_lock - owner thread: 0x000001d336106b20

Heap address: 0x00000000c3800000, size: 968 MB, Compressed Oops mode: 32-bit

CDS archive(s) mapped at: [0x0000000800000000-0x0000000800bc0000-0x0000000800bc0000), size 12320768, SharedBaseAddress: 0x0000000800000000, ArchiveRelocationMode: 0.
Compressed class space mapped at: 0x0000000800c00000-0x0000000840c00000, reserved size: 1073741824
Narrow klass base: 0x0000000800000000, Narrow klass shift: 0, Narrow klass range: 0x100000000

GC Precious Log:
 CPUs: 4 total, 4 available
 Memory: 3871M
 Large Page Support: Disabled
 NUMA Support: Disabled
 Compressed Oops: Enabled (32-bit)
 Heap Region Size: 1M
 Heap Min Capacity: 8M
 Heap Initial Capacity: 62M
 Heap Max Capacity: 968M
 Pre-touch: Disabled
 Parallel Workers: 4
 Concurrent Workers: 1
 Concurrent Refinement Workers: 4
 Periodic GC: Disabled

Heap:
 garbage-first heap   total 64512K, used 49569K [0x00000000c3800000, 0x0000000100000000)
  region size 1024K, 37 young (37888K), 3 survivors (3072K)
 Metaspace       used 33924K, committed 34176K, reserved 1081344K
  class space    used 4311K, committed 4416K, reserved 1048576K

Heap Regions: E=young(eden), S=young(survivor), O=old, HS=humongous(starts), HC=humongous(continues), CS=collection set, F=free, OA=open archive, CA=closed archive, TAMS=top-at-mark-start (previous, next)
|   0|0x00000000c3800000, 0x00000000c3900000, 0x00000000c3900000|100%|HS|  |TAMS 0x00000000c3900000, 0x00000000c3800000| Complete 
|   1|0x00000000c3900000, 0x00000000c3a00000, 0x00000000c3a00000|100%| O|  |TAMS 0x00000000c3a00000, 0x00000000c3900000| Untracked 
|   2|0x00000000c3a00000, 0x00000000c3b00000, 0x00000000c3b00000|100%| O|  |TAMS 0x00000000c3b00000, 0x00000000c3a00000| Untracked 
|   3|0x00000000c3b00000, 0x00000000c3c00000, 0x00000000c3c00000|100%| O|  |TAMS 0x00000000c3c00000, 0x00000000c3b00000| Untracked 
|   4|0x00000000c3c00000, 0x00000000c3d00000, 0x00000000c3d00000|100%| O|  |TAMS 0x00000000c3d00000, 0x00000000c3c00000| Untracked 
|   5|0x00000000c3d00000, 0x00000000c3e00000, 0x00000000c3e00000|100%| O|  |TAMS 0x00000000c3e00000, 0x00000000c3d00000| Untracked 
|   6|0x00000000c3e00000, 0x00000000c3e00000, 0x00000000c3f00000|  0%| F|  |TAMS 0x00000000c3e00000, 0x00000000c3e00000| Untracked 
|   7|0x00000000c3f00000, 0x00000000c3ff8000, 0x00000000c4000000| 96%| O|  |TAMS 0x00000000c3ff8000, 0x00000000c3f00000| Untracked 
|   8|0x00000000c4000000, 0x00000000c4100000, 0x00000000c4100000|100%| O|  |TAMS 0x00000000c4000000, 0x00000000c4000000| Untracked 
|   9|0x00000000c4100000, 0x00000000c4200000, 0x00000000c4200000|100%| O|  |TAMS 0x00000000c4100000, 0x00000000c4100000| Untracked 
|  10|0x00000000c4200000, 0x00000000c4300000, 0x00000000c4300000|100%| O|  |TAMS 0x00000000c4200000, 0x00000000c4200000| Untracked 
|  11|0x00000000c4300000, 0x00000000c4400000, 0x00000000c4400000|100%| O|  |TAMS 0x00000000c4300000, 0x00000000c4300000| Untracked 
|  12|0x00000000c4400000, 0x00000000c4500000, 0x00000000c4500000|100%| O|  |TAMS 0x00000000c4400000, 0x00000000c4400000| Untracked 
|  13|0x00000000c4500000, 0x00000000c4600000, 0x00000000c4600000|100%| O|  |TAMS 0x00000000c4500000, 0x00000000c4500000| Untracked 
|  14|0x00000000c4600000, 0x00000000c4600000, 0x00000000c4700000|  0%| F|  |TAMS 0x00000000c4600000, 0x00000000c4600000| Untracked 
|  15|0x00000000c4700000, 0x00000000c4700000, 0x00000000c4800000|  0%| F|  |TAMS 0x00000000c4700000, 0x00000000c4700000| Untracked 
|  16|0x00000000c4800000, 0x00000000c4800000, 0x00000000c4900000|  0%| F|  |TAMS 0x00000000c4800000, 0x00000000c4800000| Untracked 
|  17|0x00000000c4900000, 0x00000000c4900000, 0x00000000c4a00000|  0%| F|  |TAMS 0x00000000c4900000, 0x00000000c4900000| Untracked 
|  18|0x00000000c4a00000, 0x00000000c4a0dc00, 0x00000000c4b00000|  5%| O|  |TAMS 0x00000000c4a00000, 0x00000000c4a00000| Untracked 
|  19|0x00000000c4b00000, 0x00000000c4b00000, 0x00000000c4c00000|  0%| F|  |TAMS 0x00000000c4b00000, 0x00000000c4b00000| Untracked 
|  20|0x00000000c4c00000, 0x00000000c4c00000, 0x00000000c4d00000|  0%| F|  |TAMS 0x00000000c4c00000, 0x00000000c4c00000| Untracked 
|  21|0x00000000c4d00000, 0x00000000c4d00000, 0x00000000c4e00000|  0%| F|  |TAMS 0x00000000c4d00000, 0x00000000c4d00000| Untracked 
|  22|0x00000000c4e00000, 0x00000000c4e00000, 0x00000000c4f00000|  0%| F|  |TAMS 0x00000000c4e00000, 0x00000000c4e00000| Untracked 
|  23|0x00000000c4f00000, 0x00000000c4f00000, 0x00000000c5000000|  0%| F|  |TAMS 0x00000000c4f00000, 0x00000000c4f00000| Untracked 
|  24|0x00000000c5000000, 0x00000000c5062860, 0x00000000c5100000| 38%| S|CS|TAMS 0x00000000c5000000, 0x00000000c5000000| Complete 
|  25|0x00000000c5100000, 0x00000000c5200000, 0x00000000c5200000|100%| S|CS|TAMS 0x00000000c5100000, 0x00000000c5100000| Complete 
|  26|0x00000000c5200000, 0x00000000c5300000, 0x00000000c5300000|100%| S|CS|TAMS 0x00000000c5200000, 0x00000000c5200000| Complete 
|  27|0x00000000c5300000, 0x00000000c5300000, 0x00000000c5400000|  0%| F|  |TAMS 0x00000000c5300000, 0x00000000c5300000| Untracked 
|  28|0x00000000c5400000, 0x00000000c5400000, 0x00000000c5500000|  0%| F|  |TAMS 0x00000000c5400000, 0x00000000c5400000| Untracked 
|  29|0x00000000c5500000, 0x00000000c5600000, 0x00000000c5600000|100%| E|CS|TAMS 0x00000000c5500000, 0x00000000c5500000| Complete 
|  30|0x00000000c5600000, 0x00000000c5700000, 0x00000000c5700000|100%| E|CS|TAMS 0x00000000c5600000, 0x00000000c5600000| Complete 
|  31|0x00000000c5700000, 0x00000000c5800000, 0x00000000c5800000|100%| E|CS|TAMS 0x00000000c5700000, 0x00000000c5700000| Complete 
|  32|0x00000000c5800000, 0x00000000c5900000, 0x00000000c5900000|100%| E|CS|TAMS 0x00000000c5800000, 0x00000000c5800000| Complete 
|  33|0x00000000c5900000, 0x00000000c5a00000, 0x00000000c5a00000|100%| E|CS|TAMS 0x00000000c5900000, 0x00000000c5900000| Complete 
|  34|0x00000000c5a00000, 0x00000000c5b00000, 0x00000000c5b00000|100%| E|CS|TAMS 0x00000000c5a00000, 0x00000000c5a00000| Complete 
|  35|0x00000000c5b00000, 0x00000000c5c00000, 0x00000000c5c00000|100%| E|CS|TAMS 0x00000000c5b00000, 0x00000000c5b00000| Complete 
|  36|0x00000000c5c00000, 0x00000000c5d00000, 0x00000000c5d00000|100%| E|CS|TAMS 0x00000000c5c00000, 0x00000000c5c00000| Complete 
|  37|0x00000000c5d00000, 0x00000000c5e00000, 0x00000000c5e00000|100%| E|CS|TAMS 0x00000000c5d00000, 0x00000000c5d00000| Complete 
|  38|0x00000000c5e00000, 0x00000000c5f00000, 0x00000000c5f00000|100%| E|CS|TAMS 0x00000000c5e00000, 0x00000000c5e00000| Complete 
|  39|0x00000000c5f00000, 0x00000000c6000000, 0x00000000c6000000|100%| E|  |TAMS 0x00000000c5f00000, 0x00000000c5f00000| Complete 
|  40|0x00000000c6000000, 0x00000000c6100000, 0x00000000c6100000|100%| E|CS|TAMS 0x00000000c6000000, 0x00000000c6000000| Complete 
|  41|0x00000000c6100000, 0x00000000c6200000, 0x00000000c6200000|100%| E|CS|TAMS 0x00000000c6100000, 0x00000000c6100000| Complete 
|  42|0x00000000c6200000, 0x00000000c6300000, 0x00000000c6300000|100%| E|CS|TAMS 0x00000000c6200000, 0x00000000c6200000| Complete 
|  43|0x00000000c6300000, 0x00000000c6400000, 0x00000000c6400000|100%| E|CS|TAMS 0x00000000c6300000, 0x00000000c6300000| Complete 
|  44|0x00000000c6400000, 0x00000000c6500000, 0x00000000c6500000|100%| E|CS|TAMS 0x00000000c6400000, 0x00000000c6400000| Complete 
|  45|0x00000000c6500000, 0x00000000c6600000, 0x00000000c6600000|100%| E|CS|TAMS 0x00000000c6500000, 0x00000000c6500000| Complete 
|  46|0x00000000c6600000, 0x00000000c6700000, 0x00000000c6700000|100%| E|CS|TAMS 0x00000000c6600000, 0x00000000c6600000| Complete 
|  47|0x00000000c6700000, 0x00000000c6800000, 0x00000000c6800000|100%| E|CS|TAMS 0x00000000c6700000, 0x00000000c6700000| Complete 
|  48|0x00000000c6800000, 0x00000000c6900000, 0x00000000c6900000|100%| E|CS|TAMS 0x00000000c6800000, 0x00000000c6800000| Complete 
|  49|0x00000000c6900000, 0x00000000c6a00000, 0x00000000c6a00000|100%| E|CS|TAMS 0x00000000c6900000, 0x00000000c6900000| Complete 
|  50|0x00000000c6a00000, 0x00000000c6b00000, 0x00000000c6b00000|100%| E|CS|TAMS 0x00000000c6a00000, 0x00000000c6a00000| Complete 
|  51|0x00000000c6b00000, 0x00000000c6c00000, 0x00000000c6c00000|100%| E|CS|TAMS 0x00000000c6b00000, 0x00000000c6b00000| Complete 
|  52|0x00000000c6c00000, 0x00000000c6d00000, 0x00000000c6d00000|100%| E|CS|TAMS 0x00000000c6c00000, 0x00000000c6c00000| Complete 
|  53|0x00000000c6d00000, 0x00000000c6e00000, 0x00000000c6e00000|100%| E|CS|TAMS 0x00000000c6d00000, 0x00000000c6d00000| Complete 
|  54|0x00000000c6e00000, 0x00000000c6f00000, 0x00000000c6f00000|100%| E|CS|TAMS 0x00000000c6e00000, 0x00000000c6e00000| Complete 
|  55|0x00000000c6f00000, 0x00000000c7000000, 0x00000000c7000000|100%| E|CS|TAMS 0x00000000c6f00000, 0x00000000c6f00000| Complete 
|  56|0x00000000c7000000, 0x00000000c7100000, 0x00000000c7100000|100%| E|CS|TAMS 0x00000000c7000000, 0x00000000c7000000| Complete 
|  57|0x00000000c7100000, 0x00000000c7200000, 0x00000000c7200000|100%| E|CS|TAMS 0x00000000c7100000, 0x00000000c7100000| Complete 
|  58|0x00000000c7200000, 0x00000000c7300000, 0x00000000c7300000|100%| E|CS|TAMS 0x00000000c7200000, 0x00000000c7200000| Complete 
|  59|0x00000000c7300000, 0x00000000c7400000, 0x00000000c7400000|100%| E|CS|TAMS 0x00000000c7300000, 0x00000000c7300000| Complete 
|  60|0x00000000c7400000, 0x00000000c7500000, 0x00000000c7500000|100%| E|CS|TAMS 0x00000000c7400000, 0x00000000c7400000| Complete 
|  61|0x00000000c7500000, 0x00000000c7600000, 0x00000000c7600000|100%| E|CS|TAMS 0x00000000c7500000, 0x00000000c7500000| Complete 
|  62|0x00000000c7600000, 0x00000000c7700000, 0x00000000c7700000|100%| E|CS|TAMS 0x00000000c7600000, 0x00000000c7600000| Complete 

Card table byte_map: [0x000001d3304f0000,0x000001d3306e0000] _byte_map_base: 0x000001d32fed4000

Marking Bits (Prev, Next): (CMBitMap*) 0x000001d317d04c50, (CMBitMap*) 0x000001d317d04c10
 Prev Bits: [0x000001d3317f0000, 0x000001d332710000)
 Next Bits: [0x000001d3308d0000, 0x000001d3317f0000)

Polling page: 0x000001d317db0000

Metaspace:

Usage:
  Non-class:     28.92 MB used.
      Class:      4.21 MB used.
       Both:     33.13 MB used.

Virtual space:
  Non-class space:       32.00 MB reserved,      29.06 MB ( 91%) committed,  4 nodes.
      Class space:        1.00 GB reserved,       4.31 MB ( <1%) committed,  1 nodes.
             Both:        1.03 GB reserved,      33.38 MB (  3%) committed. 

Chunk freelists:
   Non-Class:  2.08 MB
       Class:  3.64 MB
        Both:  5.72 MB

MaxMetaspaceSize: unlimited
CompressedClassSpaceSize: 1.00 GB
Initial GC threshold: 21.00 MB
Current GC threshold: 35.12 MB
CDS: on
MetaspaceReclaimPolicy: balanced
 - commit_granule_bytes: 65536.
 - commit_granule_words: 8192.
 - virtual_space_node_default_size: 1048576.
 - enlarge_chunks_in_place: 1.
 - new_chunks_are_fully_committed: 0.
 - uncommit_free_chunks: 1.
 - use_allocation_guard: 0.
 - handle_deallocations: 1.


Internal statistics:

num_allocs_failed_limit: 3.
num_arena_births: 304.
num_arena_deaths: 0.
num_vsnodes_births: 5.
num_vsnodes_deaths: 0.
num_space_committed: 534.
num_space_uncommitted: 0.
num_chunks_returned_to_freelist: 3.
num_chunks_taken_from_freelist: 1482.
num_chunk_merges: 3.
num_chunk_splits: 1032.
num_chunks_enlarged: 813.
num_purges: 0.
num_inconsistent_stats: 0.

CodeHeap 'non-profiled nmethods': size=120000Kb used=1823Kb max_used=1823Kb free=118176Kb
 bounds [0x000001d3287b0000, 0x000001d328a20000, 0x000001d32fce0000]
CodeHeap 'profiled nmethods': size=120000Kb used=8509Kb max_used=8509Kb free=111491Kb
 bounds [0x000001d321280000, 0x000001d321ad0000, 0x000001d3287b0000]
CodeHeap 'non-nmethods': size=5760Kb used=1224Kb max_used=1257Kb free=4536Kb
 bounds [0x000001d320ce0000, 0x000001d320f50000, 0x000001d321280000]
 total_blobs=4317 nmethods=3789 adapters=440
 compilation: enabled
              stopped_count=0, restarted_count=0
 full_count=0

Compilation events (20 events):
Event: 12.496 Thread 0x000001d317da30b0 3802       3       org.springframework.core.MethodParameter::getParameterType (48 bytes)
Event: 12.497 Thread 0x000001d317da30b0 nmethod 3802 0x000001d321ac5b90 code [0x000001d321ac5da0, 0x000001d321ac65d8]
Event: 12.497 Thread 0x000001d317da30b0 3801       1       org.springframework.aop.framework.autoproxy.AbstractAdvisorAutoProxyCreator::isEligibleAdvisorBean (2 bytes)
Event: 12.497 Thread 0x000001d317da30b0 nmethod 3801 0x000001d328977c10 code [0x000001d328977da0, 0x000001d328977e78]
Event: 12.504 Thread 0x000001d317da30b0 3803       3       sun.reflect.generics.scope.ClassScope::make (9 bytes)
Event: 12.504 Thread 0x000001d317da30b0 nmethod 3803 0x000001d321ac6810 code [0x000001d321ac69c0, 0x000001d321ac6c78]
Event: 12.504 Thread 0x000001d317da30b0 3805       3       java.lang.ThreadLocal$ThreadLocalMap::set (133 bytes)
Event: 12.505 Thread 0x000001d317da30b0 nmethod 3805 0x000001d321ac6d90 code [0x000001d321ac7020, 0x000001d321ac7d28]
Event: 12.505 Thread 0x000001d317da30b0 3804       3       sun.reflect.generics.scope.ClassScope::<init> (6 bytes)
Event: 12.506 Thread 0x000001d317da30b0 nmethod 3804 0x000001d321ac8190 code [0x000001d321ac8340, 0x000001d321ac8558]
Event: 12.507 Thread 0x000001d317da30b0 3806       3       java.lang.invoke.MethodHandles$Lookup::ensureDefineClassPermission (38 bytes)
Event: 12.507 Thread 0x000001d317da30b0 nmethod 3806 0x000001d321ac8610 code [0x000001d321ac8820, 0x000001d321ac8f38]
Event: 12.507 Thread 0x000001d317da30b0 3807       3       java.util.Collections$EmptyList::toArray (5 bytes)
Event: 12.508 Thread 0x000001d317da30b0 nmethod 3807 0x000001d321ac9190 code [0x000001d321ac9320, 0x000001d321ac94d8]
Event: 12.508 Thread 0x000001d317da30b0 3808       3       org.springframework.core.MethodParameter::getNestedParameterType (122 bytes)
Event: 12.509 Thread 0x000001d317da30b0 nmethod 3808 0x000001d321ac9590 code [0x000001d321ac9860, 0x000001d321acad08]
Event: 12.509 Thread 0x000001d317da30b0 3810       3       org.springframework.core.annotation.AnnotationsScanner::isIgnorable (10 bytes)
Event: 12.509 Thread 0x000001d317da30b0 nmethod 3810 0x000001d321acb110 code [0x000001d321acb2e0, 0x000001d321acb5d8]
Event: 12.509 Thread 0x000001d317da30b0 3809       3       org.springframework.beans.factory.config.DependencyDescriptor::getDependencyType (123 bytes)
Event: 12.511 Thread 0x000001d317da30b0 nmethod 3809 0x000001d321acb710 code [0x000001d321acba20, 0x000001d321acd0f8]

GC Heap History (20 events):
Event: 2.399 GC heap before
{Heap before GC invocations=2 (full 0):
 garbage-first heap   total 63488K, used 26385K [0x00000000c3800000, 0x0000000100000000)
  region size 1024K, 21 young (21504K), 1 survivors (1024K)
 Metaspace       used 4601K, committed 4800K, reserved 1056768K
  class space    used 483K, committed 576K, reserved 1048576K
}
Event: 2.401 GC heap after
{Heap after GC invocations=3 (full 0):
 garbage-first heap   total 63488K, used 6933K [0x00000000c3800000, 0x0000000100000000)
  region size 1024K, 1 young (1024K), 1 survivors (1024K)
 Metaspace       used 4601K, committed 4800K, reserved 1056768K
  class space    used 483K, committed 576K, reserved 1048576K
}
Event: 4.718 GC heap before
{Heap before GC invocations=3 (full 0):
 garbage-first heap   total 63488K, used 42773K [0x00000000c3800000, 0x0000000100000000)
  region size 1024K, 37 young (37888K), 1 survivors (1024K)
 Metaspace       used 9676K, committed 9856K, reserved 1064960K
  class space    used 1183K, committed 1280K, reserved 1048576K
}
Event: 4.722 GC heap after
{Heap after GC invocations=4 (full 0):
 garbage-first heap   total 63488K, used 8275K [0x00000000c3800000, 0x0000000100000000)
  region size 1024K, 2 young (2048K), 2 survivors (2048K)
 Metaspace       used 9676K, committed 9856K, reserved 1064960K
  class space    used 1183K, committed 1280K, reserved 1048576K
}
Event: 6.000 GC heap before
{Heap before GC invocations=4 (full 0):
 garbage-first heap   total 63488K, used 43091K [0x00000000c3800000, 0x0000000100000000)
  region size 1024K, 37 young (37888K), 2 survivors (2048K)
 Metaspace       used 15750K, committed 16000K, reserved 1064960K
  class space    used 2021K, committed 2112K, reserved 1048576K
}
Event: 6.005 GC heap after
{Heap after GC invocations=5 (full 0):
 garbage-first heap   total 63488K, used 10078K [0x00000000c3800000, 0x0000000100000000)
  region size 1024K, 4 young (4096K), 4 survivors (4096K)
 Metaspace       used 15750K, committed 16000K, reserved 1064960K
  class space    used 2021K, committed 2112K, reserved 1048576K
}
Event: 6.311 GC heap before
{Heap before GC invocations=5 (full 0):
 garbage-first heap   total 63488K, used 42846K [0x00000000c3800000, 0x0000000100000000)
  region size 1024K, 37 young (37888K), 4 survivors (4096K)
 Metaspace       used 17234K, committed 17408K, reserved 1064960K
  class space    used 2155K, committed 2240K, reserved 1048576K
}
Event: 6.316 GC heap after
{Heap after GC invocations=6 (full 0):
 garbage-first heap   total 63488K, used 10358K [0x00000000c3800000, 0x0000000100000000)
  region size 1024K, 3 young (3072K), 3 survivors (3072K)
 Metaspace       used 17234K, committed 17408K, reserved 1064960K
  class space    used 2155K, committed 2240K, reserved 1048576K
}
Event: 8.011 GC heap before
{Heap before GC invocations=6 (full 0):
 garbage-first heap   total 63488K, used 38006K [0x00000000c3800000, 0x0000000100000000)
  region size 1024K, 32 young (32768K), 3 survivors (3072K)
 Metaspace       used 21250K, committed 21504K, reserved 1073152K
  class space    used 2692K, committed 2816K, reserved 1048576K
}
Event: 8.016 GC heap after
{Heap after GC invocations=7 (full 0):
 garbage-first heap   total 63488K, used 11843K [0x00000000c3800000, 0x0000000100000000)
  region size 1024K, 4 young (4096K), 4 survivors (4096K)
 Metaspace       used 21250K, committed 21504K, reserved 1073152K
  class space    used 2692K, committed 2816K, reserved 1048576K
}
Event: 9.589 GC heap before
{Heap before GC invocations=8 (full 0):
 garbage-first heap   total 45056K, used 34371K [0x00000000c3800000, 0x0000000100000000)
  region size 1024K, 26 young (26624K), 4 survivors (4096K)
 Metaspace       used 25224K, committed 25536K, reserved 1073152K
  class space    used 3275K, committed 3456K, reserved 1048576K
}
Event: 9.596 GC heap after
{Heap after GC invocations=9 (full 0):
 garbage-first heap   total 45056K, used 13571K [0x00000000c3800000, 0x0000000100000000)
  region size 1024K, 4 young (4096K), 4 survivors (4096K)
 Metaspace       used 25224K, committed 25536K, reserved 1073152K
  class space    used 3275K, committed 3456K, reserved 1048576K
}
Event: 9.686 GC heap before
{Heap before GC invocations=9 (full 0):
 garbage-first heap   total 45056K, used 14595K [0x00000000c3800000, 0x0000000100000000)
  region size 1024K, 5 young (5120K), 4 survivors (4096K)
 Metaspace       used 25375K, committed 25664K, reserved 1073152K
  class space    used 3297K, committed 3456K, reserved 1048576K
}
Event: 9.695 GC heap after
{Heap after GC invocations=10 (full 0):
 garbage-first heap   total 45056K, used 14063K [0x00000000c3800000, 0x0000000100000000)
  region size 1024K, 1 young (1024K), 1 survivors (1024K)
 Metaspace       used 25375K, committed 25664K, reserved 1073152K
  class space    used 3297K, committed 3456K, reserved 1048576K
}
Event: 10.977 GC heap before
{Heap before GC invocations=10 (full 0):
 garbage-first heap   total 45056K, used 31471K [0x00000000c3800000, 0x0000000100000000)
  region size 1024K, 19 young (19456K), 1 survivors (1024K)
 Metaspace       used 28461K, committed 28736K, reserved 1081344K
  class space    used 3697K, committed 3840K, reserved 1048576K
}
Event: 10.981 GC heap after
{Heap after GC invocations=11 (full 0):
 garbage-first heap   total 64512K, used 15436K [0x00000000c3800000, 0x0000000100000000)
  region size 1024K, 3 young (3072K), 3 survivors (3072K)
 Metaspace       used 28461K, committed 28736K, reserved 1081344K
  class space    used 3697K, committed 3840K, reserved 1048576K
}
Event: 11.002 GC heap before
{Heap before GC invocations=11 (full 0):
 garbage-first heap   total 64512K, used 46156K [0x00000000c3800000, 0x0000000100000000)
  region size 1024K, 34 young (34816K), 3 survivors (3072K)
 Metaspace       used 28461K, committed 28736K, reserved 1081344K
  class space    used 3697K, committed 3840K, reserved 1048576K
}
Event: 11.005 GC heap after
{Heap after GC invocations=12 (full 0):
 garbage-first heap   total 64512K, used 15559K [0x00000000c3800000, 0x0000000100000000)
  region size 1024K, 3 young (3072K), 3 survivors (3072K)
 Metaspace       used 28461K, committed 28736K, reserved 1081344K
  class space    used 3697K, committed 3840K, reserved 1048576K
}
Event: 11.223 GC heap before
{Heap before GC invocations=12 (full 0):
 garbage-first heap   total 64512K, used 48327K [0x00000000c3800000, 0x0000000100000000)
  region size 1024K, 36 young (36864K), 3 survivors (3072K)
 Metaspace       used 29032K, committed 29376K, reserved 1081344K
  class space    used 3750K, committed 3904K, reserved 1048576K
}
Event: 11.227 GC heap after
{Heap after GC invocations=13 (full 0):
 garbage-first heap   total 64512K, used 15777K [0x00000000c3800000, 0x0000000100000000)
  region size 1024K, 3 young (3072K), 3 survivors (3072K)
 Metaspace       used 29032K, committed 29376K, reserved 1081344K
  class space    used 3750K, committed 3904K, reserved 1048576K
}

Deoptimization events (20 events):
Event: 11.169 Thread 0x000001d336106b20 DEOPT PACKING pc=0x000001d328881b64 sp=0x000000706d8fc410
Event: 11.169 Thread 0x000001d336106b20 DEOPT UNPACKING pc=0x000001d320d323a3 sp=0x000000706d8fc460 mode 2
Event: 11.282 Thread 0x000001d336106b20 DEOPT PACKING pc=0x000001d321a0c466 sp=0x000000706d8fc1a0
Event: 11.282 Thread 0x000001d336106b20 DEOPT UNPACKING pc=0x000001d320d32b43 sp=0x000000706d8fb668 mode 0
Event: 11.405 Thread 0x000001d336106b20 DEOPT PACKING pc=0x000001d3212e52b4 sp=0x000000706d8fcee0
Event: 11.405 Thread 0x000001d336106b20 DEOPT UNPACKING pc=0x000001d320d32b43 sp=0x000000706d8fc350 mode 0
Event: 11.471 Thread 0x000001d336106b20 DEOPT PACKING pc=0x000001d321444827 sp=0x000000706d8fccf0
Event: 11.471 Thread 0x000001d336106b20 DEOPT UNPACKING pc=0x000001d320d32b43 sp=0x000000706d8fc2b8 mode 0
Event: 11.816 Thread 0x000001d336106b20 Uncommon trap: trap_request=0xffffffde fr.pc=0x000001d3289457b8 relative=0x0000000000001498
Event: 11.816 Thread 0x000001d336106b20 Uncommon trap: reason=class_check action=maybe_recompile pc=0x000001d3289457b8 method=java.util.Properties$LineReader.readLine()I @ 479 c2
Event: 11.816 Thread 0x000001d336106b20 DEOPT PACKING pc=0x000001d3289457b8 sp=0x000000706d8f9c90
Event: 11.816 Thread 0x000001d336106b20 DEOPT UNPACKING pc=0x000001d320d323a3 sp=0x000000706d8f9c18 mode 2
Event: 12.155 Thread 0x000001d336106b20 Uncommon trap: trap_request=0xffffff45 fr.pc=0x000001d328845950 relative=0x0000000000000610
Event: 12.155 Thread 0x000001d336106b20 Uncommon trap: reason=unstable_if action=reinterpret pc=0x000001d328845950 method=java.lang.String.regionMatches(ZILjava/lang/String;II)Z @ 1 c2
Event: 12.155 Thread 0x000001d336106b20 DEOPT PACKING pc=0x000001d328845950 sp=0x000000706d8fae10
Event: 12.155 Thread 0x000001d336106b20 DEOPT UNPACKING pc=0x000001d320d323a3 sp=0x000000706d8fadb8 mode 2
Event: 12.174 Thread 0x000001d336106b20 DEOPT PACKING pc=0x000001d321618362 sp=0x000000706d8fb350
Event: 12.174 Thread 0x000001d336106b20 DEOPT UNPACKING pc=0x000001d320d32b43 sp=0x000000706d8fa7e0 mode 3
Event: 12.174 Thread 0x000001d338638030 DEOPT PACKING pc=0x000001d321618fb1 sp=0x000000706d9febf0
Event: 12.174 Thread 0x000001d338638030 DEOPT UNPACKING pc=0x000001d320d32b43 sp=0x000000706d9fe048 mode 3

Classes unloaded (0 events):
No events

Classes redefined (0 events):
No events

Internal exceptions (20 events):
Event: 9.720 Thread 0x000001d336106b20 Exception <a 'java/lang/NoSuchMethodError'{0x00000000c7503fa0}: 'java.lang.Object java.lang.invoke.DirectMethodHandle$Holder.invokeStatic(java.lang.Object, java.lang.Object, int)'> (0x00000000c7503fa0) 
thrown [t:\workspace\open\src\hotspot\share\interpreter\linkResolver.cpp, line 766]
Event: 9.725 Thread 0x000001d336106b20 Exception <a 'java/lang/NoSuchMethodError'{0x00000000c750fbe8}: 'void java.lang.invoke.DelegatingMethodHandle$Holder.delegate(java.lang.Object, java.lang.Object, int, java.lang.Object)'> (0x00000000c750fbe8) 
thrown [t:\workspace\open\src\hotspot\share\interpreter\linkResolver.cpp, line 766]
Event: 9.790 Thread 0x000001d336106b20 Exception <a 'java/lang/NoSuchMethodError'{0x00000000c759aed8}: 'void java.lang.invoke.DirectMethodHandle$Holder.invokeStatic(java.lang.Object, java.lang.Object, int)'> (0x00000000c759aed8) 
thrown [t:\workspace\open\src\hotspot\share\interpreter\linkResolver.cpp, line 766]
Event: 9.958 Thread 0x000001d336106b20 Exception <a 'java/lang/NoSuchMethodError'{0x00000000c61d9d18}: 'void java.lang.invoke.DirectMethodHandle$Holder.invokeInterface(java.lang.Object, java.lang.Object, int)'> (0x00000000c61d9d18) 
thrown [t:\workspace\open\src\hotspot\share\interpreter\linkResolver.cpp, line 766]
Event: 9.972 Thread 0x000001d336106b20 Exception <a 'java/lang/NoSuchMethodError'{0x00000000c61f3ca0}: 'int java.lang.invoke.DirectMethodHandle$Holder.invokeVirtual(java.lang.Object, java.lang.Object)'> (0x00000000c61f3ca0) 
thrown [t:\workspace\open\src\hotspot\share\interpreter\linkResolver.cpp, line 766]
Event: 9.981 Thread 0x000001d336106b20 Exception <a 'java/lang/IncompatibleClassChangeError'{0x00000000c602d8f8}: Found class java.lang.Object, but interface was expected> (0x00000000c602d8f8) 
thrown [t:\workspace\open\src\hotspot\share\interpreter\linkResolver.cpp, line 833]
Event: 9.982 Thread 0x000001d336106b20 Exception <a 'java/lang/NoSuchMethodError'{0x00000000c6032a80}: 'void java.lang.invoke.DirectMethodHandle$Holder.invokeStatic(java.lang.Object, int, java.lang.Object)'> (0x00000000c6032a80) 
thrown [t:\workspace\open\src\hotspot\share\interpreter\linkResolver.cpp, line 766]
Event: 9.993 Thread 0x000001d336106b20 Exception <a 'java/lang/NoSuchMethodError'{0x00000000c6061ea8}: 'int java.lang.invoke.DirectMethodHandle$Holder.invokeSpecial(java.lang.Object, java.lang.Object, int)'> (0x00000000c6061ea8) 
thrown [t:\workspace\open\src\hotspot\share\interpreter\linkResolver.cpp, line 766]
Event: 10.277 Thread 0x000001d336106b20 Exception <a 'java/lang/NoSuchMethodError'{0x00000000c5c23580}: 'java.lang.Object java.lang.invoke.DirectMethodHandle$Holder.invokeStaticInit(java.lang.Object, int, int, int, int)'> (0x00000000c5c23580) 
thrown [t:\workspace\open\src\hotspot\share\interpreter\linkResolver.cpp, line 766]
Event: 10.572 Thread 0x000001d336106b20 Exception <a 'java/lang/NoSuchMethodError'{0x00000000c5c46d98}: 'java.lang.Object java.lang.invoke.DirectMethodHandle$Holder.invokeStaticInit(java.lang.Object, java.lang.Object, int, int, int, int)'> (0x00000000c5c46d98) 
thrown [t:\workspace\open\src\hotspot\share\interpreter\linkResolver.cpp, line 766]
Event: 11.057 Thread 0x000001d336106b20 Exception <a 'sun/nio/fs/WindowsException'{0x00000000c72c9428}> (0x00000000c72c9428) 
thrown [t:\workspace\open\src\hotspot\share\prims\jni.cpp, line 516]
Event: 11.062 Thread 0x000001d336106b20 Exception <a 'sun/nio/fs/WindowsException'{0x00000000c72cf050}> (0x00000000c72cf050) 
thrown [t:\workspace\open\src\hotspot\share\prims\jni.cpp, line 516]
Event: 11.062 Thread 0x000001d336106b20 Exception <a 'sun/nio/fs/WindowsException'{0x00000000c72cf340}> (0x00000000c72cf340) 
thrown [t:\workspace\open\src\hotspot\share\prims\jni.cpp, line 516]
Event: 11.066 Thread 0x000001d336106b20 Exception <a 'sun/nio/fs/WindowsException'{0x00000000c72d03b8}> (0x00000000c72d03b8) 
thrown [t:\workspace\open\src\hotspot\share\prims\jni.cpp, line 516]
Event: 11.066 Thread 0x000001d336106b20 Exception <a 'sun/nio/fs/WindowsException'{0x00000000c72d0710}> (0x00000000c72d0710) 
thrown [t:\workspace\open\src\hotspot\share\prims\jni.cpp, line 516]
Event: 11.158 Thread 0x000001d336106b20 Implicit null exception at 0x000001d32884dfc0 to 0x000001d32884f97c
Event: 11.337 Thread 0x000001d336106b20 Exception <a 'java/io/FileNotFoundException'{0x00000000c69a6be0}> (0x00000000c69a6be0) 
thrown [t:\workspace\open\src\hotspot\share\prims\jni.cpp, line 516]
Event: 11.560 Thread 0x000001d336106b20 Exception <a 'java/lang/NoSuchMethodError'{0x00000000c67a1de8}: 'int java.lang.invoke.DirectMethodHandle$Holder.invokeInterface(java.lang.Object, java.lang.Object, java.lang.Object, java.lang.Object)'> (0x00000000c67a1de8) 
thrown [t:\workspace\open\src\hotspot\share\interpreter\linkResolver.cpp, line 766]
Event: 12.188 Thread 0x000001d336106b20 Exception <a 'java/lang/NoSuchMethodError'{0x00000000c5935318}: 'java.lang.Object java.lang.invoke.DirectMethodHandle$Holder.invokeStaticInit(java.lang.Object, java.lang.Object, java.lang.Object, java.lang.Object)'> (0x00000000c5935318) 
thrown [t:\workspace\open\src\hotspot\share\interpreter\linkResolver.cpp, line 766]
Event: 12.299 Thread 0x000001d336106b20 Exception <a 'java/io/FileNotFoundException'{0x00000000c5721390}> (0x00000000c5721390) 
thrown [t:\workspace\open\src\hotspot\share\prims\jni.cpp, line 516]

VM Operations (20 events):
Event: 11.002 Executing VM operation: G1CollectForAllocation
Event: 11.005 Executing VM operation: G1CollectForAllocation done
Event: 11.147 Executing VM operation: HandshakeAllThreads
Event: 11.147 Executing VM operation: HandshakeAllThreads done
Event: 11.223 Executing VM operation: G1CollectForAllocation
Event: 11.227 Executing VM operation: G1CollectForAllocation done
Event: 11.875 Executing VM operation: HandshakeAllThreads
Event: 11.875 Executing VM operation: HandshakeAllThreads done
Event: 11.981 Executing VM operation: HandshakeAllThreads
Event: 11.981 Executing VM operation: HandshakeAllThreads done
Event: 12.000 Executing VM operation: HandshakeAllThreads
Event: 12.000 Executing VM operation: HandshakeAllThreads done
Event: 12.236 Executing VM operation: HandshakeAllThreads
Event: 12.236 Executing VM operation: HandshakeAllThreads done
Event: 12.236 Executing VM operation: Cleanup
Event: 12.236 Executing VM operation: Cleanup done
Event: 12.237 Executing VM operation: HandshakeAllThreads
Event: 12.237 Executing VM operation: HandshakeAllThreads done
Event: 12.305 Executing VM operation: HandshakeAllThreads
Event: 12.306 Executing VM operation: HandshakeAllThreads done

Events (20 events):
Event: 12.171 loading class java/lang/Thread$State done
Event: 12.172 Thread 0x000001d338638030 Thread added: 0x000001d338638030
Event: 12.172 loading class java/util/concurrent/TimeUnit$1
Event: 12.172 loading class java/util/concurrent/ThreadPoolExecutor$DiscardOldestPolicy
Event: 12.172 loading class java/util/concurrent/TimeUnit$1 done
Event: 12.172 loading class java/util/concurrent/ThreadPoolExecutor$DiscardOldestPolicy done
Event: 12.173 loading class java/util/concurrent/locks/AbstractQueuedSynchronizer$ConditionNode
Event: 12.173 loading class java/util/concurrent/ThreadPoolExecutor$CallerRunsPolicy
Event: 12.173 loading class java/util/concurrent/locks/AbstractQueuedSynchronizer$Node
Event: 12.173 loading class java/util/concurrent/ThreadPoolExecutor$CallerRunsPolicy done
Event: 12.173 loading class java/util/concurrent/locks/AbstractQueuedSynchronizer$Node done
Event: 12.173 loading class java/util/concurrent/locks/AbstractQueuedSynchronizer$ConditionNode done
Event: 12.174 loading class java/util/concurrent/locks/AbstractQueuedSynchronizer$ExclusiveNode
Event: 12.174 loading class java/util/concurrent/locks/AbstractQueuedSynchronizer$ExclusiveNode done
Event: 12.245 loading class java/util/stream/SortedOps$SizedRefSortingSink
Event: 12.245 loading class java/util/stream/SortedOps$SizedRefSortingSink done
Event: 12.300 Thread 0x000001d3387e0f50 Thread added: 0x000001d3387e0f50
Event: 12.310 Thread 0x000001d336e02200 Thread added: 0x000001d336e02200
Event: 12.313 Thread 0x000001d337311c50 Thread added: 0x000001d337311c50
Event: 12.322 Thread 0x000001d337312120 Thread added: 0x000001d337312120


Dynamic libraries:
0x00007ff6be630000 - 0x00007ff6be640000 	C:\Program Files\Java\jdk-17.0.1\bin\java.exe
0x00007ffb998e0000 - 0x00007ffb99ae9000 	C:\WINDOWS\SYSTEM32\ntdll.dll
0x00007ffb97df0000 - 0x00007ffb97ead000 	C:\WINDOWS\System32\KERNEL32.DLL
0x00007ffb97150000 - 0x00007ffb974c9000 	C:\WINDOWS\System32\KERNELBASE.dll
0x00007ffb974d0000 - 0x00007ffb975e1000 	C:\WINDOWS\System32\ucrtbase.dll
0x00007ffb8ab20000 - 0x00007ffb8ab3a000 	C:\Program Files\Java\jdk-17.0.1\bin\VCRUNTIME140.dll
0x00007ffb8aa80000 - 0x00007ffb8aa98000 	C:\Program Files\Java\jdk-17.0.1\bin\jli.dll
0x00007ffb97990000 - 0x00007ffb97a3e000 	C:\WINDOWS\System32\ADVAPI32.dll
0x00007ffb97c80000 - 0x00007ffb97d23000 	C:\WINDOWS\System32\msvcrt.dll
0x00007ffb98b70000 - 0x00007ffb98c0e000 	C:\WINDOWS\System32\sechost.dll
0x00007ffb994a0000 - 0x00007ffb995c0000 	C:\WINDOWS\System32\RPCRT4.dll
0x00007ffb97a40000 - 0x00007ffb97bec000 	C:\WINDOWS\System32\USER32.dll
0x00007ffb96dd0000 - 0x00007ffb96df6000 	C:\WINDOWS\System32\win32u.dll
0x00007ffb97d30000 - 0x00007ffb97d59000 	C:\WINDOWS\System32\GDI32.dll
0x00007ffb975f0000 - 0x00007ffb97702000 	C:\WINDOWS\System32\gdi32full.dll
0x00007ffb97030000 - 0x00007ffb970cd000 	C:\WINDOWS\System32\msvcp_win.dll
0x00007ffb75660000 - 0x00007ffb75905000 	C:\WINDOWS\WinSxS\amd64_microsoft.windows.common-controls_6595b64144ccf1df_6.0.22000.120_none_9d947278b86cc467\COMCTL32.dll
0x00007ffb89b70000 - 0x00007ffb89b7a000 	C:\WINDOWS\SYSTEM32\VERSION.dll
0x00007ffb97fb0000 - 0x00007ffb97fe1000 	C:\WINDOWS\System32\IMM32.DLL
0x00007ffb8aa70000 - 0x00007ffb8aa7c000 	C:\Program Files\Java\jdk-17.0.1\bin\vcruntime140_1.dll
0x00007ffb857c0000 - 0x00007ffb8584d000 	C:\Program Files\Java\jdk-17.0.1\bin\msvcp140.dll
0x00007ffb51120000 - 0x00007ffb51cde000 	C:\Program Files\Java\jdk-17.0.1\bin\server\jvm.dll
0x00007ffb97f90000 - 0x00007ffb97f98000 	C:\WINDOWS\System32\PSAPI.DLL
0x00007ffb92ed0000 - 0x00007ffb92ed9000 	C:\WINDOWS\SYSTEM32\WSOCK32.dll
0x00007ffb99630000 - 0x00007ffb9969f000 	C:\WINDOWS\System32\WS2_32.dll
0x00007ffb949c0000 - 0x00007ffb949f3000 	C:\WINDOWS\SYSTEM32\WINMM.dll
0x00007ffb95f40000 - 0x00007ffb95f58000 	C:\WINDOWS\SYSTEM32\kernel.appcore.dll
0x00007ffb87320000 - 0x00007ffb8732a000 	C:\Program Files\Java\jdk-17.0.1\bin\jimage.dll
0x00007ffb94790000 - 0x00007ffb949b1000 	C:\WINDOWS\SYSTEM32\DBGHELP.DLL
0x00007ffb70d00000 - 0x00007ffb70d31000 	C:\WINDOWS\SYSTEM32\dbgcore.DLL
0x00007ffb970d0000 - 0x00007ffb9714f000 	C:\WINDOWS\System32\bcryptPrimitives.dll
0x00007ffb87310000 - 0x00007ffb8731e000 	C:\Program Files\Java\jdk-17.0.1\bin\instrument.dll
0x00007ffb87080000 - 0x00007ffb870a5000 	C:\Program Files\Java\jdk-17.0.1\bin\java.dll
0x00007ffb7a770000 - 0x00007ffb7a846000 	C:\Program Files\Java\jdk-17.0.1\bin\svml.dll
0x00007ffb98c10000 - 0x00007ffb993bf000 	C:\WINDOWS\System32\SHELL32.dll
0x00007ffb94f40000 - 0x00007ffb957a8000 	C:\WINDOWS\SYSTEM32\windows.storage.dll
0x00007ffb98580000 - 0x00007ffb988f8000 	C:\WINDOWS\System32\combase.dll
0x00007ffb94dd0000 - 0x00007ffb94f36000 	C:\WINDOWS\SYSTEM32\wintypes.dll
0x00007ffb977a0000 - 0x00007ffb9788a000 	C:\WINDOWS\System32\SHCORE.dll
0x00007ffb993c0000 - 0x00007ffb9941d000 	C:\WINDOWS\System32\shlwapi.dll
0x00007ffb96d00000 - 0x00007ffb96d21000 	C:\WINDOWS\SYSTEM32\profapi.dll
0x00007ffb86a20000 - 0x00007ffb86a38000 	C:\Program Files\Java\jdk-17.0.1\bin\zip.dll
0x00007ffb86ac0000 - 0x00007ffb86ad9000 	C:\Program Files\Java\jdk-17.0.1\bin\net.dll
0x00007ffb942f0000 - 0x00007ffb943fc000 	C:\WINDOWS\SYSTEM32\WINHTTP.dll
0x00007ffb96370000 - 0x00007ffb963d7000 	C:\WINDOWS\system32\mswsock.dll
0x00007ffb86a40000 - 0x00007ffb86a55000 	C:\Program Files\Java\jdk-17.0.1\bin\nio.dll
0x00007ffb86910000 - 0x00007ffb8692a000 	C:\Program Files\JetBrains\IntelliJ IDEA Community Edition 2021.2.3\bin\breakgen64.dll
0x00007ffb86ab0000 - 0x00007ffb86ac0000 	C:\Program Files\Java\jdk-17.0.1\bin\verify.dll
0x00007ffb86a10000 - 0x00007ffb86a19000 	C:\Program Files\Java\jdk-17.0.1\bin\management.dll
0x00007ffb86940000 - 0x00007ffb8694b000 	C:\Program Files\Java\jdk-17.0.1\bin\management_ext.dll
0x00007ffb5f570000 - 0x00007ffb5f587000 	C:\WINDOWS\system32\napinsp.dll
0x00007ffb5f550000 - 0x00007ffb5f56b000 	C:\WINDOWS\system32\pnrpnsp.dll
0x00007ffb95a20000 - 0x00007ffb95b08000 	C:\WINDOWS\SYSTEM32\DNSAPI.dll
0x00007ffb959f0000 - 0x00007ffb95a1d000 	C:\WINDOWS\SYSTEM32\IPHLPAPI.DLL
0x00007ffb97fa0000 - 0x00007ffb97fa9000 	C:\WINDOWS\System32\NSI.dll
0x00007ffb5f510000 - 0x00007ffb5f522000 	C:\WINDOWS\System32\winrnr.dll
0x00007ffb62aa0000 - 0x00007ffb62ab5000 	C:\WINDOWS\system32\wshbth.dll
0x00007ffb5f4f0000 - 0x00007ffb5f50f000 	C:\WINDOWS\system32\nlansp_c.dll
0x00007ffb899d0000 - 0x00007ffb899da000 	C:\Windows\System32\rasadhlp.dll
0x00007ffb899e0000 - 0x00007ffb89a61000 	C:\WINDOWS\System32\fwpuclnt.dll
0x00007ffb965b0000 - 0x00007ffb965c8000 	C:\WINDOWS\SYSTEM32\CRYPTSP.dll
0x00007ffb95ea0000 - 0x00007ffb95ed5000 	C:\WINDOWS\system32\rsaenh.dll
0x00007ffb96460000 - 0x00007ffb96489000 	C:\WINDOWS\SYSTEM32\USERENV.dll
0x00007ffb967b0000 - 0x00007ffb967d7000 	C:\WINDOWS\SYSTEM32\bcrypt.dll
0x00007ffb965d0000 - 0x00007ffb965dc000 	C:\WINDOWS\SYSTEM32\CRYPTBASE.dll
0x00007ffb8a710000 - 0x00007ffb8a729000 	C:\WINDOWS\SYSTEM32\dhcpcsvc6.DLL
0x00007ffb8a830000 - 0x00007ffb8a84e000 	C:\WINDOWS\SYSTEM32\dhcpcsvc.DLL
0x00007ffb86500000 - 0x00007ffb8650e000 	C:\Program Files\Java\jdk-17.0.1\bin\sunmscapi.dll
0x00007ffb96e00000 - 0x00007ffb96f62000 	C:\WINDOWS\System32\CRYPT32.dll
0x00007ffb96730000 - 0x00007ffb96758000 	C:\WINDOWS\SYSTEM32\ncrypt.dll
0x00007ffb966f0000 - 0x00007ffb96727000 	C:\WINDOWS\SYSTEM32\NTASN1.dll

dbghelp: loaded successfully - version: 4.0.5 - missing functions: none
symbol engine: initialized successfully - sym options: 0x614 - pdb path: .;C:\Program Files\Java\jdk-17.0.1\bin;C:\WINDOWS\SYSTEM32;C:\WINDOWS\WinSxS\amd64_microsoft.windows.common-controls_6595b64144ccf1df_6.0.22000.120_none_9d947278b86cc467;C:\Program Files\Java\jdk-17.0.1\bin\server;C:\Program Files\JetBrains\IntelliJ IDEA Community Edition 2021.2.3\bin

VM Arguments:
jvm_args: -javaagent:C:\Program Files\JetBrains\IntelliJ IDEA Community Edition 2021.2.3\lib\idea_rt.jar=56503:C:\Program Files\JetBrains\IntelliJ IDEA Community Edition 2021.2.3\bin -Dfile.encoding=UTF-8 
java_command: com.examplecodebuffer.sprinboot.SprinbootApplication
java_class_path (initial): S:\Java spring boot\sprinboot\sprinboot\target\classes;C:\Users\suraj\.m2\repository\org\springframework\boot\spring-boot-starter-web\2.6.7\spring-boot-starter-web-2.6.7.jar;C:\Users\suraj\.m2\repository\org\springframework\boot\spring-boot-starter\2.6.7\spring-boot-starter-2.6.7.jar;C:\Users\suraj\.m2\repository\org\springframework\boot\spring-boot-starter-logging\2.6.7\spring-boot-starter-logging-2.6.7.jar;C:\Users\suraj\.m2\repository\ch\qos\logback\logback-classic\1.2.11\logback-classic-1.2.11.jar;C:\Users\suraj\.m2\repository\ch\qos\logback\logback-core\1.2.11\logback-core-1.2.11.jar;C:\Users\suraj\.m2\repository\org\apache\logging\log4j\log4j-to-slf4j\2.17.2\log4j-to-slf4j-2.17.2.jar;C:\Users\suraj\.m2\repository\org\apache\logging\log4j\log4j-api\2.17.2\log4j-api-2.17.2.jar;C:\Users\suraj\.m2\repository\org\slf4j\jul-to-slf4j\1.7.36\jul-to-slf4j-1.7.36.jar;C:\Users\suraj\.m2\repository\jakarta\annotation\jakarta.annotation-api\1.3.5\jakarta.annotation-api-1.3.5.jar;C:\Users\suraj\.m2\repository\org\yaml\snakeyaml\1.29\snakeyaml-1.29.jar;C:\Users\suraj\.m2\repository\org\springframework\boot\spring-boot-starter-json\2.6.7\spring-boot-starter-json-2.6.7.jar;C:\Users\suraj\.m2\repository\com\fasterxml\jackson\core\jackson-databind\2.13.2.1\jackson-databind-2.13.2.1.jar;C:\Users\suraj\.m2\repository\com\fasterxml\jackson\core\jackson-annotations\2.13.2\jackson-annotations-2.13.2.jar;C:\Users\suraj\.m2\repository\com\fasterxml\jackson\core\jackson-core\2.13.2\jackson-core-2.13.2.jar;C:\Users\suraj\.m2\repository\com\fasterxml\jackson\datatype\jackson-datatype-jdk8\2.13.2\jackson-datatype-jdk8-2.13.2.jar;C:\Users\suraj\.m2\repository\com\fasterxml\jackson\datatype\jackson-datatype-jsr310\2.13.2\jackson-datatype-jsr310-2.13.2.jar;C:\Users\suraj\.m2\repository\com\fasterxml\jackson\module\jackson-module-parameter-names\2.13.2\jackson-module-parameter-names-2.13.2.jar;C:\Users\suraj\.m2\repository\org\springframework\boot\spring-boot-start
Launcher Type: SUN_STANDARD

[Global flags]
     intx CICompilerCount                          = 3                                         {product} {ergonomic}
     uint ConcGCThreads                            = 1                                         {product} {ergonomic}
     uint G1ConcRefinementThreads                  = 4                                         {product} {ergonomic}
   size_t G1HeapRegionSize                         = 1048576                                   {product} {ergonomic}
    uintx GCDrainStackTargetSize                   = 64                                        {product} {ergonomic}
   size_t InitialHeapSize                          = 65011712                                  {product} {ergonomic}
   size_t MarkStackSize                            = 4194304                                   {product} {ergonomic}
   size_t MaxHeapSize                              = 1015021568                                {product} {ergonomic}
   size_t MaxNewSize                               = 608174080                                 {product} {ergonomic}
   size_t MinHeapDeltaBytes                        = 1048576                                   {product} {ergonomic}
   size_t MinHeapSize                              = 8388608                                   {product} {ergonomic}
    uintx NonNMethodCodeHeapSize                   = 5832780                                {pd product} {ergonomic}
    uintx NonProfiledCodeHeapSize                  = 122912730                              {pd product} {ergonomic}
    uintx ProfiledCodeHeapSize                     = 122912730                              {pd product} {ergonomic}
    uintx ReservedCodeCacheSize                    = 251658240                              {pd product} {ergonomic}
     bool SegmentedCodeCache                       = true                                      {product} {ergonomic}
   size_t SoftMaxHeapSize                          = 1015021568                             {manageable} {ergonomic}
     bool UseCompressedClassPointers               = true                           {product lp64_product} {ergonomic}
     bool UseCompressedOops                        = true                           {product lp64_product} {ergonomic}
     bool UseG1GC                                  = true                                      {product} {ergonomic}
     bool UseLargePagesIndividualAllocation        = false                                  {pd product} {ergonomic}

Logging:
Log output configuration:
 #0: stdout all=warning uptime,level,tags
 #1: stderr all=off uptime,level,tags

Environment Variables:
PATH=C:\Program Files\Common Files\Oracle\Java\javapath;C:\Program Files\Python310\Scripts\;C:\Program Files\Python310\;C:\Program Files (x86)\Common Files\Intel\Shared Libraries\redist\intel64\compiler;C:\Program Files (x86)\NVIDIA Corporation\PhysX\Common;C:\WINDOWS\system32;C:\WINDOWS;C:\WINDOWS\System32\Wbem;C:\WINDOWS\System32\WindowsPowerShell\v1.0\;C:\WINDOWS\System32\OpenSSH\;C:\Program Files\dotnet\;C:\Users\suraj\AppData\Local\Microsoft\WindowsApps;;C:\Users\suraj\AppData\Local\Programs\Microsoft VS Code\bin;C:\Program Files\JetBrains\IntelliJ IDEA Community Edition 2021.2.3\bin;
USERNAME=suraj
OS=Windows_NT
PROCESSOR_IDENTIFIER=Intel64 Family 6 Model 142 Stepping 12, GenuineIntel



---------------  S Y S T E M  ---------------

OS:
 Windows 10 , 64 bit Build 22000 (10.0.22000.675)
OS uptime: 0 days 23:06 hours

CPU: total 4 (initial active 4) (2 cores per cpu, 2 threads per core) family 6 model 142 stepping 12 microcode 0xde, cx8, cmov, fxsr, ht, mmx, 3dnowpref, sse, sse2, sse3, ssse3, sse4.1, sse4.2, popcnt, lzcnt, tsc, tscinvbit, avx, avx2, aes, erms, clmul, bmi1, bmi2, adx, fma, vzeroupper, clflush, clflushopt

Memory: 4k page, system-wide physical 3871M (334M free)
TotalPageFile size 15647M (AvailPageFile size 5M)
current process WorkingSet (physical memory assigned to process): 176M, peak: 179M
current process commit charge ("private bytes"): 212M, peak: 214M

vm_info: Java HotSpot(TM) 64-Bit Server VM (17.0.1+12-LTS-39) for windows-amd64 JRE (17.0.1+12-LTS-39), built on Sep 27 2021 18:41:35 by "mach5one" with MS VC++ 16.8 (VS2019)

END.
