#
# There is insufficient memory for the Java Runtime Environment to continue.
# Native memory allocation (malloc) failed to allocate 1690256 bytes for Chunk::new
# Possible reasons:
#   The system is out of physical RAM or swap space
#   The process is running with CompressedOops enabled, and the Java Heap may be blocking the growth of the native heap
# Possible solutions:
#   Reduce memory load on the system
#   Increase physical memory or swap space
#   Check if swap backing store is full
#   Decrease Java heap size (-Xmx/-Xms)
#   Decrease number of Java threads
#   Decrease Java thread stack sizes (-Xss)
#   Set larger code cache with -XX:ReservedCodeCacheSize=
#   JVM is running with Unscaled Compressed Oops mode in which the Java heap is
#     placed in the first 4GB address space. The Java Heap base address is the
#     maximum limit for the native heap growth. Please use -XX:HeapBaseMinAddress
#     to set the Java Heap base and to place the Java Heap above 4GB virtual address.
# This output file may be truncated or incomplete.
#
#  Out of Memory Error (arena.cpp:189), pid=9072, tid=7276
#
# JRE version: Java(TM) SE Runtime Environment (17.0.1+12) (build 17.0.1+12-LTS-39)
# Java VM: Java HotSpot(TM) 64-Bit Server VM (17.0.1+12-LTS-39, mixed mode, sharing, tiered, compressed oops, compressed class ptrs, g1 gc, windows-amd64)
# No core dump will be written. Minidumps are not enabled by default on client versions of Windows
#

---------------  S U M M A R Y ------------

Command Line: -javaagent:C:\Program Files\JetBrains\IntelliJ IDEA Community Edition 2021.2.3\lib\idea_rt.jar=56343:C:\Program Files\JetBrains\IntelliJ IDEA Community Edition 2021.2.3\bin -Dfile.encoding=UTF-8 com.examplecodebuffer.sprinboot.SprinbootApplication

Host: Intel(R) Core(TM) i3-8145U CPU @ 2.10GHz, 4 cores, 3G,  Windows 10 , 64 bit Build 22000 (10.0.22000.675)
Time: Sun May 22 13:22:25 2022 India Standard Time elapsed time: 7.205020 seconds (0d 0h 0m 7s)

---------------  T H R E A D  ---------------

Current thread (0x000001d7f16e0e60):  JavaThread "C2 CompilerThread0" daemon [_thread_in_native, id=7276, stack(0x00000024a9e00000,0x00000024a9f00000)]


Current CompileTask:
C2:   7205 1916       4       jdk.internal.org.objectweb.asm.Frame::execute (2305 bytes)

Stack: [0x00000024a9e00000,0x00000024a9f00000]
Native frames: (J=compiled Java code, j=interpreted, Vv=VM code, C=native code)
V  [jvm.dll+0x66fa1a]
V  [jvm.dll+0x7ce5a4]
V  [jvm.dll+0x7cfd4e]
V  [jvm.dll+0x7d03b3]
V  [jvm.dll+0x242b05]
V  [jvm.dll+0xaa05b]
V  [jvm.dll+0xaa5ec]
V  [jvm.dll+0x35f9b2]
V  [jvm.dll+0x329f51]
V  [jvm.dll+0x3293fa]
V  [jvm.dll+0x215bf1]
V  [jvm.dll+0x215011]
V  [jvm.dll+0x1a168d]
V  [jvm.dll+0x224848]
V  [jvm.dll+0x2229ac]
V  [jvm.dll+0x78435b]
V  [jvm.dll+0x77e91a]
V  [jvm.dll+0x66e845]
C  [ucrtbase.dll+0x26c0c]
C  [KERNEL32.DLL+0x154e0]
C  [ntdll.dll+0x485b]


---------------  P R O C E S S  ---------------

Threads class SMR info:
_java_thread_list=0x000001d7feb9a6a0, length=16, elements={
0x000001d7f1619690, 0x000001d7f16c6e50, 0x000001d7f16c9cd0, 0x000001d7f16dc3a0,
0x000001d7f16ddd60, 0x000001d7f16de710, 0x000001d7f16e00d0, 0x000001d7f16e0e60,
0x000001d7f16e2910, 0x000001d7f16eaa90, 0x000001d7fd67d180, 0x000001d7fe1d8820,
0x000001d7fe3f6180, 0x000001d7fe9e9b40, 0x000001d7fea6e010, 0x000001d7febd7b80
}

Java Threads: ( => current thread )
  0x000001d7f1619690 JavaThread "main" [_thread_blocked, id=9956, stack(0x00000024a9100000,0x00000024a9200000)]
  0x000001d7f16c6e50 JavaThread "Reference Handler" daemon [_thread_blocked, id=16948, stack(0x00000024a9800000,0x00000024a9900000)]
  0x000001d7f16c9cd0 JavaThread "Finalizer" daemon [_thread_blocked, id=12612, stack(0x00000024a9900000,0x00000024a9a00000)]
  0x000001d7f16dc3a0 JavaThread "Signal Dispatcher" daemon [_thread_blocked, id=7304, stack(0x00000024a9a00000,0x00000024a9b00000)]
  0x000001d7f16ddd60 JavaThread "Attach Listener" daemon [_thread_blocked, id=6436, stack(0x00000024a9b00000,0x00000024a9c00000)]
  0x000001d7f16de710 JavaThread "Service Thread" daemon [_thread_blocked, id=1756, stack(0x00000024a9c00000,0x00000024a9d00000)]
  0x000001d7f16e00d0 JavaThread "Monitor Deflation Thread" daemon [_thread_blocked, id=15476, stack(0x00000024a9d00000,0x00000024a9e00000)]
=>0x000001d7f16e0e60 JavaThread "C2 CompilerThread0" daemon [_thread_in_native, id=7276, stack(0x00000024a9e00000,0x00000024a9f00000)]
  0x000001d7f16e2910 JavaThread "C1 CompilerThread0" daemon [_thread_blocked, id=17420, stack(0x00000024a9f00000,0x00000024aa000000)]
  0x000001d7f16eaa90 JavaThread "Sweeper thread" daemon [_thread_blocked, id=9280, stack(0x00000024aa000000,0x00000024aa100000)]
  0x000001d7fd67d180 JavaThread "Common-Cleaner" daemon [_thread_blocked, id=11532, stack(0x00000024aa100000,0x00000024aa200000)]
  0x000001d7fe1d8820 JavaThread "Monitor Ctrl-Break" daemon [_thread_in_native, id=14872, stack(0x00000024aa200000,0x00000024aa300000)]
  0x000001d7fe3f6180 JavaThread "Notification Thread" daemon [_thread_blocked, id=17356, stack(0x00000024aa300000,0x00000024aa400000)]
  0x000001d7fe9e9b40 JavaThread "Thread-0" [_thread_blocked, id=10396, stack(0x00000024aa900000,0x00000024aaa00000)]
  0x000001d7fea6e010 JavaThread "restartedMain" [_thread_blocked, id=7068, stack(0x00000024aaa00000,0x00000024aab00000)]
  0x000001d7febd7b80 JavaThread "background-preinit" [_thread_in_vm, id=11612, stack(0x00000024aab00000,0x00000024aac00000)]

Other Threads:
  0x000001d7f16c1b80 VMThread "VM Thread" [stack: 0x00000024a9700000,0x00000024a9800000] [id=17080]
  0x000001d7fe4f7cd0 WatcherThread [stack: 0x00000024aa400000,0x00000024aa500000] [id=15824]
  0x000001d7f1646420 GCTaskThread "GC Thread#0" [stack: 0x00000024a9200000,0x00000024a9300000] [id=7092]
  0x000001d7fe8fdd40 GCTaskThread "GC Thread#1" [stack: 0x00000024aa500000,0x00000024aa600000] [id=4644]
  0x000001d7fe9a14b0 GCTaskThread "GC Thread#2" [stack: 0x00000024aa600000,0x00000024aa700000] [id=1888]
  0x000001d7fe9a1760 GCTaskThread "GC Thread#3" [stack: 0x00000024aa700000,0x00000024aa800000] [id=9628]
  0x000001d7f164ec60 ConcurrentGCThread "G1 Main Marker" [stack: 0x00000024a9300000,0x00000024a9400000] [id=3360]
  0x000001d7f164f670 ConcurrentGCThread "G1 Conc#0" [stack: 0x00000024a9400000,0x00000024a9500000] [id=14884]
  0x000001d7f168e8e0 ConcurrentGCThread "G1 Refine#0" [stack: 0x00000024a9500000,0x00000024a9600000] [id=3692]
  0x000001d7fe32ff30 ConcurrentGCThread "G1 Refine#1" [stack: 0x00000024aa800000,0x00000024aa900000] [id=15900]
  0x000001d7f1690310 ConcurrentGCThread "G1 Service" [stack: 0x00000024a9600000,0x00000024a9700000] [id=7912]

Threads with active compile tasks:
C2 CompilerThread0     7243 1916       4       jdk.internal.org.objectweb.asm.Frame::execute (2305 bytes)

VM state: not at safepoint (normal execution)

VM Mutex/Monitor currently owned by a thread: None

Heap address: 0x00000000c3800000, size: 968 MB, Compressed Oops mode: 32-bit

CDS archive(s) mapped at: [0x0000000800000000-0x0000000800bc0000-0x0000000800bc0000), size 12320768, SharedBaseAddress: 0x0000000800000000, ArchiveRelocationMode: 0.
Compressed class space mapped at: 0x0000000800c00000-0x0000000840c00000, reserved size: 1073741824
Narrow klass base: 0x0000000800000000, Narrow klass shift: 0, Narrow klass range: 0x100000000

GC Precious Log:
 CPUs: 4 total, 4 available
 Memory: 3871M
 Large Page Support: Disabled
 NUMA Support: Disabled
 Compressed Oops: Enabled (32-bit)
 Heap Region Size: 1M
 Heap Min Capacity: 8M
 Heap Initial Capacity: 62M
 Heap Max Capacity: 968M
 Pre-touch: Disabled
 Parallel Workers: 4
 Concurrent Workers: 1
 Concurrent Refinement Workers: 4
 Periodic GC: Disabled

Heap:
 garbage-first heap   total 63488K, used 19411K [0x00000000c3800000, 0x0000000100000000)
  region size 1024K, 14 young (14336K), 2 survivors (2048K)
 Metaspace       used 12948K, committed 13120K, reserved 1064960K
  class space    used 1724K, committed 1792K, reserved 1048576K

Heap Regions: E=young(eden), S=young(survivor), O=old, HS=humongous(starts), HC=humongous(continues), CS=collection set, F=free, OA=open archive, CA=closed archive, TAMS=top-at-mark-start (previous, next)
|   0|0x00000000c3800000, 0x00000000c3900000, 0x00000000c3900000|100%|HS|  |TAMS 0x00000000c3800000, 0x00000000c3800000| Complete 
|   1|0x00000000c3900000, 0x00000000c3a00000, 0x00000000c3a00000|100%| O|  |TAMS 0x00000000c3900000, 0x00000000c3900000| Untracked 
|   2|0x00000000c3a00000, 0x00000000c3b00000, 0x00000000c3b00000|100%| O|  |TAMS 0x00000000c3a00000, 0x00000000c3a00000| Untracked 
|   3|0x00000000c3b00000, 0x00000000c3c00000, 0x00000000c3c00000|100%| O|  |TAMS 0x00000000c3b00000, 0x00000000c3b00000| Untracked 
|   4|0x00000000c3c00000, 0x00000000c3d00000, 0x00000000c3d00000|100%| O|  |TAMS 0x00000000c3c00000, 0x00000000c3c00000| Untracked 
|   5|0x00000000c3d00000, 0x00000000c3e00000, 0x00000000c3e00000|100%| O|  |TAMS 0x00000000c3d00000, 0x00000000c3d00000| Untracked 
|   6|0x00000000c3e00000, 0x00000000c3e00000, 0x00000000c3f00000|  0%| F|  |TAMS 0x00000000c3e00000, 0x00000000c3e00000| Untracked 
|   7|0x00000000c3f00000, 0x00000000c3f00000, 0x00000000c4000000|  0%| F|  |TAMS 0x00000000c3f00000, 0x00000000c3f00000| Untracked 
|   8|0x00000000c4000000, 0x00000000c4000000, 0x00000000c4100000|  0%| F|  |TAMS 0x00000000c4000000, 0x00000000c4000000| Untracked 
|   9|0x00000000c4100000, 0x00000000c4100000, 0x00000000c4200000|  0%| F|  |TAMS 0x00000000c4100000, 0x00000000c4100000| Untracked 
|  10|0x00000000c4200000, 0x00000000c4200000, 0x00000000c4300000|  0%| F|  |TAMS 0x00000000c4200000, 0x00000000c4200000| Untracked 
|  11|0x00000000c4300000, 0x00000000c4300000, 0x00000000c4400000|  0%| F|  |TAMS 0x00000000c4300000, 0x00000000c4300000| Untracked 
|  12|0x00000000c4400000, 0x00000000c4400000, 0x00000000c4500000|  0%| F|  |TAMS 0x00000000c4400000, 0x00000000c4400000| Untracked 
|  13|0x00000000c4500000, 0x00000000c4500000, 0x00000000c4600000|  0%| F|  |TAMS 0x00000000c4500000, 0x00000000c4500000| Untracked 
|  14|0x00000000c4600000, 0x00000000c4600000, 0x00000000c4700000|  0%| F|  |TAMS 0x00000000c4600000, 0x00000000c4600000| Untracked 
|  15|0x00000000c4700000, 0x00000000c4700000, 0x00000000c4800000|  0%| F|  |TAMS 0x00000000c4700000, 0x00000000c4700000| Untracked 
|  16|0x00000000c4800000, 0x00000000c4800000, 0x00000000c4900000|  0%| F|  |TAMS 0x00000000c4800000, 0x00000000c4800000| Untracked 
|  17|0x00000000c4900000, 0x00000000c4900000, 0x00000000c4a00000|  0%| F|  |TAMS 0x00000000c4900000, 0x00000000c4900000| Untracked 
|  18|0x00000000c4a00000, 0x00000000c4a00000, 0x00000000c4b00000|  0%| F|  |TAMS 0x00000000c4a00000, 0x00000000c4a00000| Untracked 
|  19|0x00000000c4b00000, 0x00000000c4b00000, 0x00000000c4c00000|  0%| F|  |TAMS 0x00000000c4b00000, 0x00000000c4b00000| Untracked 
|  20|0x00000000c4c00000, 0x00000000c4c00000, 0x00000000c4d00000|  0%| F|  |TAMS 0x00000000c4c00000, 0x00000000c4c00000| Untracked 
|  21|0x00000000c4d00000, 0x00000000c4d00000, 0x00000000c4e00000|  0%| F|  |TAMS 0x00000000c4d00000, 0x00000000c4d00000| Untracked 
|  22|0x00000000c4e00000, 0x00000000c4e00000, 0x00000000c4f00000|  0%| F|  |TAMS 0x00000000c4e00000, 0x00000000c4e00000| Untracked 
|  23|0x00000000c4f00000, 0x00000000c4ff4fe8, 0x00000000c5000000| 95%| S|CS|TAMS 0x00000000c4f00000, 0x00000000c4f00000| Complete 
|  24|0x00000000c5000000, 0x00000000c5100000, 0x00000000c5100000|100%| S|CS|TAMS 0x00000000c5000000, 0x00000000c5000000| Complete 
|  25|0x00000000c5100000, 0x00000000c5100000, 0x00000000c5200000|  0%| F|  |TAMS 0x00000000c5100000, 0x00000000c5100000| Untracked 
|  26|0x00000000c5200000, 0x00000000c5200000, 0x00000000c5300000|  0%| F|  |TAMS 0x00000000c5200000, 0x00000000c5200000| Untracked 
|  27|0x00000000c5300000, 0x00000000c5300000, 0x00000000c5400000|  0%| F|  |TAMS 0x00000000c5300000, 0x00000000c5300000| Untracked 
|  28|0x00000000c5400000, 0x00000000c5400000, 0x00000000c5500000|  0%| F|  |TAMS 0x00000000c5400000, 0x00000000c5400000| Untracked 
|  29|0x00000000c5500000, 0x00000000c5500000, 0x00000000c5600000|  0%| F|  |TAMS 0x00000000c5500000, 0x00000000c5500000| Untracked 
|  30|0x00000000c5600000, 0x00000000c5600000, 0x00000000c5700000|  0%| F|  |TAMS 0x00000000c5600000, 0x00000000c5600000| Untracked 
|  31|0x00000000c5700000, 0x00000000c5700000, 0x00000000c5800000|  0%| F|  |TAMS 0x00000000c5700000, 0x00000000c5700000| Untracked 
|  32|0x00000000c5800000, 0x00000000c5800000, 0x00000000c5900000|  0%| F|  |TAMS 0x00000000c5800000, 0x00000000c5800000| Untracked 
|  33|0x00000000c5900000, 0x00000000c5900000, 0x00000000c5a00000|  0%| F|  |TAMS 0x00000000c5900000, 0x00000000c5900000| Untracked 
|  34|0x00000000c5a00000, 0x00000000c5a00000, 0x00000000c5b00000|  0%| F|  |TAMS 0x00000000c5a00000, 0x00000000c5a00000| Untracked 
|  35|0x00000000c5b00000, 0x00000000c5b00000, 0x00000000c5c00000|  0%| F|  |TAMS 0x00000000c5b00000, 0x00000000c5b00000| Untracked 
|  36|0x00000000c5c00000, 0x00000000c5c00000, 0x00000000c5d00000|  0%| F|  |TAMS 0x00000000c5c00000, 0x00000000c5c00000| Untracked 
|  37|0x00000000c5d00000, 0x00000000c5d00000, 0x00000000c5e00000|  0%| F|  |TAMS 0x00000000c5d00000, 0x00000000c5d00000| Untracked 
|  38|0x00000000c5e00000, 0x00000000c5e00000, 0x00000000c5f00000|  0%| F|  |TAMS 0x00000000c5e00000, 0x00000000c5e00000| Untracked 
|  39|0x00000000c5f00000, 0x00000000c5f00000, 0x00000000c6000000|  0%| F|  |TAMS 0x00000000c5f00000, 0x00000000c5f00000| Untracked 
|  40|0x00000000c6000000, 0x00000000c6000000, 0x00000000c6100000|  0%| F|  |TAMS 0x00000000c6000000, 0x00000000c6000000| Untracked 
|  41|0x00000000c6100000, 0x00000000c6100000, 0x00000000c6200000|  0%| F|  |TAMS 0x00000000c6100000, 0x00000000c6100000| Untracked 
|  42|0x00000000c6200000, 0x00000000c6200000, 0x00000000c6300000|  0%| F|  |TAMS 0x00000000c6200000, 0x00000000c6200000| Untracked 
|  43|0x00000000c6300000, 0x00000000c6300000, 0x00000000c6400000|  0%| F|  |TAMS 0x00000000c6300000, 0x00000000c6300000| Untracked 
|  44|0x00000000c6400000, 0x00000000c6400000, 0x00000000c6500000|  0%| F|  |TAMS 0x00000000c6400000, 0x00000000c6400000| Untracked 
|  45|0x00000000c6500000, 0x00000000c6500000, 0x00000000c6600000|  0%| F|  |TAMS 0x00000000c6500000, 0x00000000c6500000| Untracked 
|  46|0x00000000c6600000, 0x00000000c6600000, 0x00000000c6700000|  0%| F|  |TAMS 0x00000000c6600000, 0x00000000c6600000| Untracked 
|  47|0x00000000c6700000, 0x00000000c6700000, 0x00000000c6800000|  0%| F|  |TAMS 0x00000000c6700000, 0x00000000c6700000| Untracked 
|  48|0x00000000c6800000, 0x00000000c6800000, 0x00000000c6900000|  0%| F|  |TAMS 0x00000000c6800000, 0x00000000c6800000| Untracked 
|  49|0x00000000c6900000, 0x00000000c6900000, 0x00000000c6a00000|  0%| F|  |TAMS 0x00000000c6900000, 0x00000000c6900000| Untracked 
|  50|0x00000000c6a00000, 0x00000000c6adf540, 0x00000000c6b00000| 87%| E|  |TAMS 0x00000000c6a00000, 0x00000000c6a00000| Complete 
|  51|0x00000000c6b00000, 0x00000000c6c00000, 0x00000000c6c00000|100%| E|CS|TAMS 0x00000000c6b00000, 0x00000000c6b00000| Complete 
|  52|0x00000000c6c00000, 0x00000000c6d00000, 0x00000000c6d00000|100%| E|CS|TAMS 0x00000000c6c00000, 0x00000000c6c00000| Complete 
|  53|0x00000000c6d00000, 0x00000000c6e00000, 0x00000000c6e00000|100%| E|CS|TAMS 0x00000000c6d00000, 0x00000000c6d00000| Complete 
|  54|0x00000000c6e00000, 0x00000000c6f00000, 0x00000000c6f00000|100%| E|CS|TAMS 0x00000000c6e00000, 0x00000000c6e00000| Complete 
|  55|0x00000000c6f00000, 0x00000000c7000000, 0x00000000c7000000|100%| E|CS|TAMS 0x00000000c6f00000, 0x00000000c6f00000| Complete 
|  56|0x00000000c7000000, 0x00000000c7100000, 0x00000000c7100000|100%| E|CS|TAMS 0x00000000c7000000, 0x00000000c7000000| Complete 
|  57|0x00000000c7100000, 0x00000000c7200000, 0x00000000c7200000|100%| E|CS|TAMS 0x00000000c7100000, 0x00000000c7100000| Complete 
|  58|0x00000000c7200000, 0x00000000c7300000, 0x00000000c7300000|100%| E|CS|TAMS 0x00000000c7200000, 0x00000000c7200000| Complete 
|  59|0x00000000c7300000, 0x00000000c7400000, 0x00000000c7400000|100%| E|CS|TAMS 0x00000000c7300000, 0x00000000c7300000| Complete 
|  60|0x00000000c7400000, 0x00000000c7500000, 0x00000000c7500000|100%| E|CS|TAMS 0x00000000c7400000, 0x00000000c7400000| Complete 
|  61|0x00000000c7500000, 0x00000000c7600000, 0x00000000c7600000|100%| E|CS|TAMS 0x00000000c7500000, 0x00000000c7500000| Complete 

Card table byte_map: [0x000001d7f9010000,0x000001d7f9200000] _byte_map_base: 0x000001d7f89f4000

Marking Bits (Prev, Next): (CMBitMap*) 0x000001d7f1646a30, (CMBitMap*) 0x000001d7f1646a70
 Prev Bits: [0x000001d7f93f0000, 0x000001d7fa310000)
 Next Bits: [0x000001d7fa310000, 0x000001d7fb230000)

Polling page: 0x000001d7ef5a0000

Metaspace:

Usage:
  Non-class:     10.97 MB used.
      Class:      1.69 MB used.
       Both:     12.65 MB used.

Virtual space:
  Non-class space:       16.00 MB reserved,      11.06 MB ( 69%) committed,  2 nodes.
      Class space:        1.00 GB reserved,       1.75 MB ( <1%) committed,  1 nodes.
             Both:        1.02 GB reserved,      12.81 MB (  1%) committed. 

Chunk freelists:
   Non-Class:  912.00 KB
       Class:  2.19 MB
        Both:  3.08 MB

MaxMetaspaceSize: unlimited
CompressedClassSpaceSize: 1.00 GB
Initial GC threshold: 21.00 MB
Current GC threshold: 21.00 MB
CDS: on
MetaspaceReclaimPolicy: balanced
 - commit_granule_bytes: 65536.
 - commit_granule_words: 8192.
 - virtual_space_node_default_size: 1048576.
 - enlarge_chunks_in_place: 1.
 - new_chunks_are_fully_committed: 0.
 - uncommit_free_chunks: 1.
 - use_allocation_guard: 0.
 - handle_deallocations: 1.


Internal statistics:

num_allocs_failed_limit: 0.
num_arena_births: 120.
num_arena_deaths: 0.
num_vsnodes_births: 3.
num_vsnodes_deaths: 0.
num_space_committed: 205.
num_space_uncommitted: 0.
num_chunks_returned_to_freelist: 0.
num_chunks_taken_from_freelist: 488.
num_chunk_merges: 0.
num_chunk_splits: 343.
num_chunks_enlarged: 286.
num_purges: 0.
num_inconsistent_stats: 0.

CodeHeap 'non-profiled nmethods': size=120000Kb used=721Kb max_used=721Kb free=119278Kb
 bounds [0x000001d787ad0000, 0x000001d787d40000, 0x000001d78f000000]
CodeHeap 'profiled nmethods': size=120000Kb used=3682Kb max_used=3682Kb free=116317Kb
 bounds [0x000001d7805a0000, 0x000001d780940000, 0x000001d787ad0000]
CodeHeap 'non-nmethods': size=5760Kb used=1170Kb max_used=1206Kb free=4589Kb
 bounds [0x000001d780000000, 0x000001d780270000, 0x000001d7805a0000]
 total_blobs=2376 nmethods=1916 adapters=372
 compilation: enabled
              stopped_count=0, restarted_count=0
 full_count=0

Compilation events (20 events):
Event: 6.971 Thread 0x000001d7f16e2910 nmethod 1907 0x000001d78092c590 code [0x000001d78092c840, 0x000001d78092d3b8]
Event: 6.971 Thread 0x000001d7f16e2910 1906       3       java.lang.Class$AnnotationData::<init> (20 bytes)
Event: 6.971 Thread 0x000001d7f16e2910 nmethod 1906 0x000001d78092d810 code [0x000001d78092d9c0, 0x000001d78092dbd8]
Event: 6.971 Thread 0x000001d7f16e2910 1908       1       java.lang.reflect.Method::getSharedExceptionTypes (5 bytes)
Event: 6.971 Thread 0x000001d7f16e2910 nmethod 1908 0x000001d787b84390 code [0x000001d787b84520, 0x000001d787b845f8]
Event: 6.972 Thread 0x000001d7f16e2910 1911       3       sun.reflect.generics.parser.SignatureParser::parseTypeArguments (109 bytes)
Event: 6.973 Thread 0x000001d7f16e2910 nmethod 1911 0x000001d78092dc90 code [0x000001d78092df40, 0x000001d78092eca8]
Event: 6.974 Thread 0x000001d7f16e2910 1912       3       java.lang.invoke.AbstractValidatingLambdaMetafactory::isAdaptableToAsReturnStrict (34 bytes)
Event: 6.974 Thread 0x000001d7f16e2910 nmethod 1912 0x000001d78092f190 code [0x000001d78092f360, 0x000001d78092f928]
Event: 6.974 Thread 0x000001d7f16e2910 1913   !   3       java.lang.invoke.InnerClassLambdaMetafactory::buildCallSite (201 bytes)
Event: 6.976 Thread 0x000001d7f16e0e60 1916       4       jdk.internal.org.objectweb.asm.Frame::execute (2305 bytes)
Event: 6.977 Thread 0x000001d7f16e2910 nmethod 1913 0x000001d78092fa90 code [0x000001d78092ff80, 0x000001d7809324d8]
Event: 6.977 Thread 0x000001d7f16e2910 1914       3       java.lang.Class::createAnnotationData (195 bytes)
Event: 6.978 Thread 0x000001d7f16e2910 nmethod 1914 0x000001d780933490 code [0x000001d780933800, 0x000001d780934df8]
Event: 6.978 Thread 0x000001d7f16e2910 1915       3       jdk.internal.org.objectweb.asm.FieldVisitor::<init> (88 bytes)
Event: 6.979 Thread 0x000001d7f16e2910 nmethod 1915 0x000001d780935510 code [0x000001d780935760, 0x000001d780936048]
Event: 6.979 Thread 0x000001d7f16e2910 1917       3       java.lang.Class::getAnnotation (22 bytes)
Event: 6.979 Thread 0x000001d7f16e2910 nmethod 1917 0x000001d780936310 code [0x000001d7809364e0, 0x000001d780936968]
Event: 6.982 Thread 0x000001d7f16e2910 1919       3       java.lang.invoke.LambdaProxyClassArchive::find (63 bytes)
Event: 6.983 Thread 0x000001d7f16e2910 nmethod 1919 0x000001d780936b10 code [0x000001d780936d40, 0x000001d780937618]

GC Heap History (8 events):
Event: 2.754 GC heap before
{Heap before GC invocations=0 (full 0):
 garbage-first heap   total 63488K, used 14336K [0x00000000c3800000, 0x0000000100000000)
  region size 1024K, 13 young (13312K), 0 survivors (0K)
 Metaspace       used 2705K, committed 2880K, reserved 1056768K
  class space    used 256K, committed 384K, reserved 1048576K
}
Event: 2.789 GC heap after
{Heap after GC invocations=1 (full 0):
 garbage-first heap   total 63488K, used 6031K [0x00000000c3800000, 0x0000000100000000)
  region size 1024K, 2 young (2048K), 2 survivors (2048K)
 Metaspace       used 2705K, committed 2880K, reserved 1056768K
  class space    used 256K, committed 384K, reserved 1048576K
}
Event: 3.722 GC heap before
{Heap before GC invocations=1 (full 0):
 garbage-first heap   total 63488K, used 15247K [0x00000000c3800000, 0x0000000100000000)
  region size 1024K, 12 young (12288K), 2 survivors (2048K)
 Metaspace       used 4439K, committed 4672K, reserved 1056768K
  class space    used 473K, committed 576K, reserved 1048576K
}
Event: 3.727 GC heap after
{Heap after GC invocations=2 (full 0):
 garbage-first heap   total 63488K, used 6651K [0x00000000c3800000, 0x0000000100000000)
  region size 1024K, 1 young (1024K), 1 survivors (1024K)
 Metaspace       used 4439K, committed 4672K, reserved 1056768K
  class space    used 473K, committed 576K, reserved 1048576K
}
Event: 3.742 GC heap before
{Heap before GC invocations=2 (full 0):
 garbage-first heap   total 63488K, used 27131K [0x00000000c3800000, 0x0000000100000000)
  region size 1024K, 22 young (22528K), 1 survivors (1024K)
 Metaspace       used 4439K, committed 4672K, reserved 1056768K
  class space    used 473K, committed 576K, reserved 1048576K
}
Event: 3.744 GC heap after
{Heap after GC invocations=3 (full 0):
 garbage-first heap   total 63488K, used 6742K [0x00000000c3800000, 0x0000000100000000)
  region size 1024K, 1 young (1024K), 1 survivors (1024K)
 Metaspace       used 4439K, committed 4672K, reserved 1056768K
  class space    used 473K, committed 576K, reserved 1048576K
}
Event: 6.396 GC heap before
{Heap before GC invocations=3 (full 0):
 garbage-first heap   total 63488K, used 42582K [0x00000000c3800000, 0x0000000100000000)
  region size 1024K, 37 young (37888K), 1 survivors (1024K)
 Metaspace       used 10181K, committed 10368K, reserved 1064960K
  class space    used 1286K, committed 1344K, reserved 1048576K
}
Event: 6.399 GC heap after
{Heap after GC invocations=4 (full 0):
 garbage-first heap   total 63488K, used 8147K [0x00000000c3800000, 0x0000000100000000)
  region size 1024K, 2 young (2048K), 2 survivors (2048K)
 Metaspace       used 10181K, committed 10368K, reserved 1064960K
  class space    used 1286K, committed 1344K, reserved 1048576K
}

Deoptimization events (20 events):
Event: 6.288 Thread 0x000001d7febd7b80 DEOPT PACKING pc=0x000001d78088f6b8 sp=0x00000024aabfa5f0
Event: 6.288 Thread 0x000001d7febd7b80 DEOPT UNPACKING pc=0x000001d780052b43 sp=0x00000024aabf9b08 mode 0
Event: 6.357 Thread 0x000001d7febd7b80 DEOPT PACKING pc=0x000001d78088f6b8 sp=0x00000024aabfdb40
Event: 6.358 Thread 0x000001d7febd7b80 DEOPT UNPACKING pc=0x000001d780052b43 sp=0x00000024aabfd058 mode 0
Event: 6.412 Thread 0x000001d7febd7b80 DEOPT PACKING pc=0x000001d78088f6b8 sp=0x00000024aabfdaf0
Event: 6.413 Thread 0x000001d7febd7b80 DEOPT UNPACKING pc=0x000001d780052b43 sp=0x00000024aabfd008 mode 0
Event: 6.463 Thread 0x000001d7fea6e010 Uncommon trap: trap_request=0xffffff45 fr.pc=0x000001d787b45b14 relative=0x00000000000002f4
Event: 6.463 Thread 0x000001d7fea6e010 Uncommon trap: reason=unstable_if action=reinterpret pc=0x000001d787b45b14 method=jdk.internal.org.objectweb.asm.SymbolTable.put(Ljdk/internal/org/objectweb/asm/SymbolTable$Entry;)Ljdk/internal/org/objectweb/asm/SymbolTable$Entry; @ 13 c2
Event: 6.463 Thread 0x000001d7fea6e010 DEOPT PACKING pc=0x000001d787b45b14 sp=0x00000024aaafca90
Event: 6.463 Thread 0x000001d7fea6e010 DEOPT UNPACKING pc=0x000001d7800523a3 sp=0x00000024aaafca10 mode 2
Event: 6.513 Thread 0x000001d7febd7b80 DEOPT PACKING pc=0x000001d78088f6b8 sp=0x00000024aabfce70
Event: 6.513 Thread 0x000001d7febd7b80 DEOPT UNPACKING pc=0x000001d780052b43 sp=0x00000024aabfc388 mode 0
Event: 6.610 Thread 0x000001d7fea6e010 DEOPT PACKING pc=0x000001d78088f6b8 sp=0x00000024aaaf9bd0
Event: 6.611 Thread 0x000001d7fea6e010 DEOPT UNPACKING pc=0x000001d780052b43 sp=0x00000024aaaf90e8 mode 0
Event: 6.631 Thread 0x000001d7fea6e010 DEOPT PACKING pc=0x000001d78088f6b8 sp=0x00000024aaafbde0
Event: 6.631 Thread 0x000001d7fea6e010 DEOPT UNPACKING pc=0x000001d780052b43 sp=0x00000024aaafb2f8 mode 0
Event: 6.789 Thread 0x000001d7fea6e010 Uncommon trap: trap_request=0xffffff45 fr.pc=0x000001d787b15720 relative=0x0000000000000280
Event: 6.789 Thread 0x000001d7fea6e010 Uncommon trap: reason=unstable_if action=reinterpret pc=0x000001d787b15720 method=java.util.concurrent.ConcurrentHashMap.get(Ljava/lang/Object;)Ljava/lang/Object; @ 76 c2
Event: 6.789 Thread 0x000001d7fea6e010 DEOPT PACKING pc=0x000001d787b15720 sp=0x00000024aaafc920
Event: 6.789 Thread 0x000001d7fea6e010 DEOPT UNPACKING pc=0x000001d7800523a3 sp=0x00000024aaafc898 mode 2

Classes unloaded (0 events):
No events

Classes redefined (0 events):
No events

Internal exceptions (20 events):
Event: 5.688 Thread 0x000001d7fea6e010 Exception <a 'java/lang/NoSuchMethodError'{0x00000000c5bf35b8}: 'void java.lang.invoke.DirectMethodHandle$Holder.invokeStaticInit(java.lang.Object, java.lang.Object)'> (0x00000000c5bf35b8) 
thrown [t:\workspace\open\src\hotspot\share\interpreter\linkResolver.cpp, line 766]
Event: 5.693 Thread 0x000001d7fea6e010 Exception <a 'java/lang/NoSuchMethodError'{0x00000000c5bffbd8}: 'void java.lang.invoke.DirectMethodHandle$Holder.invokeStaticInit(java.lang.Object, java.lang.Object, java.lang.Object)'> (0x00000000c5bffbd8) 
thrown [t:\workspace\open\src\hotspot\share\interpreter\linkResolver.cpp, line 766]
Event: 5.843 Thread 0x000001d7fea6e010 Exception <a 'java/lang/NoSuchMethodError'{0x00000000c5a84870}: 'void java.lang.invoke.DirectMethodHandle$Holder.invokeVirtual(java.lang.Object, java.lang.Object, java.lang.Object, java.lang.Object)'> (0x00000000c5a84870) 
thrown [t:\workspace\open\src\hotspot\share\interpreter\linkResolver.cpp, line 766]
Event: 6.047 Thread 0x000001d7fea6e010 Exception <a 'java/lang/NoSuchMethodError'{0x00000000c59a87f0}: 'void java.lang.invoke.DirectMethodHandle$Holder.invokeSpecial(java.lang.Object, java.lang.Object, java.lang.Object)'> (0x00000000c59a87f0) 
thrown [t:\workspace\open\src\hotspot\share\interpreter\linkResolver.cpp, line 766]
Event: 6.053 Thread 0x000001d7fea6e010 Exception <a 'java/lang/NoSuchMethodError'{0x00000000c59aee90}: 'void java.lang.invoke.DirectMethodHandle$Holder.invokeSpecial(java.lang.Object, java.lang.Object, java.lang.Object, java.lang.Object, java.lang.Object)'> (0x00000000c59aee90) 
thrown [t:\workspace\open\src\hotspot\share\interpreter\linkResolver.cpp, line 766]
Event: 6.763 Thread 0x000001d7fea6e010 Exception <a 'java/lang/ClassNotFoundException'{0x00000000c6e54060}: java/lang/ObjectCustomizer> (0x00000000c6e54060) 
thrown [t:\workspace\open\src\hotspot\share\classfile\systemDictionary.cpp, line 256]
Event: 6.776 Thread 0x000001d7fea6e010 Exception <a 'java/lang/IncompatibleClassChangeError'{0x00000000c6d370c0}: Found class java.lang.Object, but interface was expected> (0x00000000c6d370c0) 
thrown [t:\workspace\open\src\hotspot\share\interpreter\linkResolver.cpp, line 833]
Event: 6.793 Thread 0x000001d7fea6e010 Exception <a 'java/lang/ClassNotFoundException'{0x00000000c6d50530}: org/springframework/context/annotation/ConfigurationClassPostProcessorCustomizer> (0x00000000c6d50530) 
thrown [t:\workspace\open\src\hotspot\share\classfile\systemDictionary.cpp, line 256]
Event: 6.802 Thread 0x000001d7fea6e010 Exception <a 'java/lang/ClassNotFoundException'{0x00000000c6d6f948}: org/springframework/beans/factory/support/BeanDefinitionRegistryPostProcessorCustomizer> (0x00000000c6d6f948) 
thrown [t:\workspace\open\src\hotspot\share\classfile\systemDictionary.cpp, line 256]
Event: 6.822 Thread 0x000001d7fea6e010 Exception <a 'java/lang/ClassNotFoundException'{0x00000000c6d75168}: org/springframework/beans/factory/config/BeanFactoryPostProcessorCustomizer> (0x00000000c6d75168) 
thrown [t:\workspace\open\src\hotspot\share\classfile\systemDictionary.cpp, line 256]
Event: 6.824 Thread 0x000001d7fea6e010 Exception <a 'java/lang/ClassNotFoundException'{0x00000000c6d7a668}: org/springframework/core/PriorityOrderedCustomizer> (0x00000000c6d7a668) 
thrown [t:\workspace\open\src\hotspot\share\classfile\systemDictionary.cpp, line 256]
Event: 6.827 Thread 0x000001d7fea6e010 Exception <a 'java/lang/ClassNotFoundException'{0x00000000c6d7e778}: org/springframework/core/OrderedCustomizer> (0x00000000c6d7e778) 
thrown [t:\workspace\open\src\hotspot\share\classfile\systemDictionary.cpp, line 256]
Event: 6.834 Thread 0x000001d7fea6e010 Exception <a 'java/lang/ClassNotFoundException'{0x00000000c6d83b50}: org/springframework/context/ResourceLoaderAwareCustomizer> (0x00000000c6d83b50) 
thrown [t:\workspace\open\src\hotspot\share\classfile\systemDictionary.cpp, line 256]
Event: 6.836 Thread 0x000001d7fea6e010 Exception <a 'java/lang/ClassNotFoundException'{0x00000000c6d89048}: org/springframework/beans/factory/AwareCustomizer> (0x00000000c6d89048) 
thrown [t:\workspace\open\src\hotspot\share\classfile\systemDictionary.cpp, line 256]
Event: 6.837 Thread 0x000001d7fea6e010 Exception <a 'java/lang/ClassNotFoundException'{0x00000000c6d8d570}: org/springframework/context/ApplicationStartupAwareCustomizer> (0x00000000c6d8d570) 
thrown [t:\workspace\open\src\hotspot\share\classfile\systemDictionary.cpp, line 256]
Event: 6.840 Thread 0x000001d7fea6e010 Exception <a 'java/lang/ClassNotFoundException'{0x00000000c6c3b6b0}: org/springframework/beans/factory/AwareCustomizer> (0x00000000c6c3b6b0) 
thrown [t:\workspace\open\src\hotspot\share\classfile\systemDictionary.cpp, line 256]
Event: 6.841 Thread 0x000001d7fea6e010 Exception <a 'java/lang/ClassNotFoundException'{0x00000000c6c3fc48}: org/springframework/beans/factory/BeanClassLoaderAwareCustomizer> (0x00000000c6c3fc48) 
thrown [t:\workspace\open\src\hotspot\share\classfile\systemDictionary.cpp, line 256]
Event: 6.844 Thread 0x000001d7fea6e010 Exception <a 'java/lang/ClassNotFoundException'{0x00000000c6c45128}: org/springframework/beans/factory/AwareCustomizer> (0x00000000c6c45128) 
thrown [t:\workspace\open\src\hotspot\share\classfile\systemDictionary.cpp, line 256]
Event: 6.846 Thread 0x000001d7fea6e010 Exception <a 'java/lang/ClassNotFoundException'{0x00000000c6c493c0}: org/springframework/context/EnvironmentAwareCustomizer> (0x00000000c6c493c0) 
thrown [t:\workspace\open\src\hotspot\share\classfile\systemDictionary.cpp, line 256]
Event: 6.848 Thread 0x000001d7fea6e010 Exception <a 'java/lang/ClassNotFoundException'{0x00000000c6c4e838}: org/springframework/beans/factory/AwareCustomizer> (0x00000000c6c4e838) 
thrown [t:\workspace\open\src\hotspot\share\classfile\systemDictionary.cpp, line 256]

VM Operations (20 events):
Event: 3.722 Executing VM operation: G1CollectForAllocation
Event: 3.727 Executing VM operation: G1CollectForAllocation done
Event: 3.742 Executing VM operation: G1CollectForAllocation
Event: 3.744 Executing VM operation: G1CollectForAllocation done
Event: 4.508 Executing VM operation: HandshakeAllThreads
Event: 4.509 Executing VM operation: HandshakeAllThreads done
Event: 5.445 Executing VM operation: HandshakeAllThreads
Event: 5.445 Executing VM operation: HandshakeAllThreads done
Event: 5.445 Executing VM operation: Cleanup
Event: 5.445 Executing VM operation: Cleanup done
Event: 6.395 Executing VM operation: G1CollectForAllocation
Event: 6.401 Executing VM operation: G1CollectForAllocation done
Event: 6.556 Executing VM operation: HandshakeAllThreads
Event: 6.556 Executing VM operation: HandshakeAllThreads done
Event: 6.597 Executing VM operation: HandshakeAllThreads
Event: 6.597 Executing VM operation: HandshakeAllThreads done
Event: 6.621 Executing VM operation: HandshakeAllThreads
Event: 6.622 Executing VM operation: HandshakeAllThreads done
Event: 6.652 Executing VM operation: HandshakeAllThreads
Event: 6.652 Executing VM operation: HandshakeAllThreads done

Events (20 events):
Event: 6.791 loading class com/sun/beans/introspect/PropertyInfo$Name
Event: 6.791 loading class com/sun/beans/introspect/PropertyInfo$Name done
Event: 6.791 loading class java/beans/GenericBeanInfo
Event: 6.792 loading class java/beans/SimpleBeanInfo
Event: 6.792 loading class java/beans/SimpleBeanInfo done
Event: 6.792 loading class java/beans/GenericBeanInfo done
Event: 6.795 loading class java/util/Hashtable$EntrySet
Event: 6.795 loading class java/util/Hashtable$EntrySet done
Event: 6.800 loading class java/util/AbstractList$ListItr
Event: 6.801 loading class java/util/AbstractList$Itr
Event: 6.801 loading class java/util/AbstractList$Itr done
Event: 6.801 loading class java/util/AbstractList$ListItr done
Event: 6.861 loading class java/util/concurrent/ConcurrentLinkedDeque$Itr
Event: 6.862 loading class java/util/concurrent/ConcurrentLinkedDeque$AbstractItr
Event: 6.873 loading class java/util/concurrent/ConcurrentLinkedDeque$AbstractItr done
Event: 6.873 loading class java/util/concurrent/ConcurrentLinkedDeque$Itr done
Event: 6.968 loading class java/lang/Deprecated
Event: 6.968 loading class java/lang/Deprecated done
Event: 7.019 loading class java/net/SocketException
Event: 7.019 loading class java/net/SocketException done


Dynamic libraries:
0x00007ff6be630000 - 0x00007ff6be640000 	C:\Program Files\Java\jdk-17.0.1\bin\java.exe
0x00007ffb998e0000 - 0x00007ffb99ae9000 	C:\WINDOWS\SYSTEM32\ntdll.dll
0x00007ffb97df0000 - 0x00007ffb97ead000 	C:\WINDOWS\System32\KERNEL32.DLL
0x00007ffb97150000 - 0x00007ffb974c9000 	C:\WINDOWS\System32\KERNELBASE.dll
0x00007ffb974d0000 - 0x00007ffb975e1000 	C:\WINDOWS\System32\ucrtbase.dll
0x00007ffb92ec0000 - 0x00007ffb92ed8000 	C:\Program Files\Java\jdk-17.0.1\bin\jli.dll
0x00007ffb97990000 - 0x00007ffb97a3e000 	C:\WINDOWS\System32\ADVAPI32.dll
0x00007ffb97c80000 - 0x00007ffb97d23000 	C:\WINDOWS\System32\msvcrt.dll
0x00007ffb98b70000 - 0x00007ffb98c0e000 	C:\WINDOWS\System32\sechost.dll
0x00007ffb92410000 - 0x00007ffb9242a000 	C:\Program Files\Java\jdk-17.0.1\bin\VCRUNTIME140.dll
0x00007ffb994a0000 - 0x00007ffb995c0000 	C:\WINDOWS\System32\RPCRT4.dll
0x00007ffb97a40000 - 0x00007ffb97bec000 	C:\WINDOWS\System32\USER32.dll
0x00007ffb96dd0000 - 0x00007ffb96df6000 	C:\WINDOWS\System32\win32u.dll
0x00007ffb75660000 - 0x00007ffb75905000 	C:\WINDOWS\WinSxS\amd64_microsoft.windows.common-controls_6595b64144ccf1df_6.0.22000.120_none_9d947278b86cc467\COMCTL32.dll
0x00007ffb97d30000 - 0x00007ffb97d59000 	C:\WINDOWS\System32\GDI32.dll
0x00007ffb975f0000 - 0x00007ffb97702000 	C:\WINDOWS\System32\gdi32full.dll
0x00007ffb97030000 - 0x00007ffb970cd000 	C:\WINDOWS\System32\msvcp_win.dll
0x00007ffb89b70000 - 0x00007ffb89b7a000 	C:\WINDOWS\SYSTEM32\VERSION.dll
0x00007ffb97fb0000 - 0x00007ffb97fe1000 	C:\WINDOWS\System32\IMM32.DLL
0x00007ffb923e0000 - 0x00007ffb923ec000 	C:\Program Files\Java\jdk-17.0.1\bin\vcruntime140_1.dll
0x00007ffb86ed0000 - 0x00007ffb86f5d000 	C:\Program Files\Java\jdk-17.0.1\bin\msvcp140.dll
0x00007ffb51c80000 - 0x00007ffb5283e000 	C:\Program Files\Java\jdk-17.0.1\bin\server\jvm.dll
0x00007ffb97f90000 - 0x00007ffb97f98000 	C:\WINDOWS\System32\PSAPI.DLL
0x00007ffb870d0000 - 0x00007ffb870d9000 	C:\WINDOWS\SYSTEM32\WSOCK32.dll
0x00007ffb99630000 - 0x00007ffb9969f000 	C:\WINDOWS\System32\WS2_32.dll
0x00007ffb949c0000 - 0x00007ffb949f3000 	C:\WINDOWS\SYSTEM32\WINMM.dll
0x00007ffb95f40000 - 0x00007ffb95f58000 	C:\WINDOWS\SYSTEM32\kernel.appcore.dll
0x00007ffb92380000 - 0x00007ffb9238a000 	C:\Program Files\Java\jdk-17.0.1\bin\jimage.dll
0x00007ffb94790000 - 0x00007ffb949b1000 	C:\WINDOWS\SYSTEM32\DBGHELP.DLL
0x00007ffb70d00000 - 0x00007ffb70d31000 	C:\WINDOWS\SYSTEM32\dbgcore.DLL
0x00007ffb970d0000 - 0x00007ffb9714f000 	C:\WINDOWS\System32\bcryptPrimitives.dll
0x00007ffb8ab40000 - 0x00007ffb8ab4e000 	C:\Program Files\Java\jdk-17.0.1\bin\instrument.dll
0x00007ffb8afd0000 - 0x00007ffb8aff5000 	C:\Program Files\Java\jdk-17.0.1\bin\java.dll
0x00007ffb86ab0000 - 0x00007ffb86b86000 	C:\Program Files\Java\jdk-17.0.1\bin\svml.dll
0x00007ffb98c10000 - 0x00007ffb993bf000 	C:\WINDOWS\System32\SHELL32.dll
0x00007ffb94f40000 - 0x00007ffb957a8000 	C:\WINDOWS\SYSTEM32\windows.storage.dll
0x00007ffb98580000 - 0x00007ffb988f8000 	C:\WINDOWS\System32\combase.dll
0x00007ffb94dd0000 - 0x00007ffb94f36000 	C:\WINDOWS\SYSTEM32\wintypes.dll
0x00007ffb977a0000 - 0x00007ffb9788a000 	C:\WINDOWS\System32\SHCORE.dll
0x00007ffb993c0000 - 0x00007ffb9941d000 	C:\WINDOWS\System32\shlwapi.dll
0x00007ffb96d00000 - 0x00007ffb96d21000 	C:\WINDOWS\SYSTEM32\profapi.dll
0x00007ffb8b010000 - 0x00007ffb8b028000 	C:\Program Files\Java\jdk-17.0.1\bin\zip.dll
0x00007ffb92340000 - 0x00007ffb92359000 	C:\Program Files\Java\jdk-17.0.1\bin\net.dll
0x00007ffb942f0000 - 0x00007ffb943fc000 	C:\WINDOWS\SYSTEM32\WINHTTP.dll
0x00007ffb96370000 - 0x00007ffb963d7000 	C:\WINDOWS\system32\mswsock.dll
0x00007ffb906a0000 - 0x00007ffb906b5000 	C:\Program Files\Java\jdk-17.0.1\bin\nio.dll
0x00007ffb8ab20000 - 0x00007ffb8ab3a000 	C:\Program Files\JetBrains\IntelliJ IDEA Community Edition 2021.2.3\bin\breakgen64.dll
0x00007ffb8afc0000 - 0x00007ffb8afd0000 	C:\Program Files\Java\jdk-17.0.1\bin\verify.dll
0x00007ffb8afb0000 - 0x00007ffb8afb9000 	C:\Program Files\Java\jdk-17.0.1\bin\management.dll
0x00007ffb8ab90000 - 0x00007ffb8ab9b000 	C:\Program Files\Java\jdk-17.0.1\bin\management_ext.dll
0x00007ffb5f570000 - 0x00007ffb5f587000 	C:\WINDOWS\system32\napinsp.dll
0x00007ffb5f550000 - 0x00007ffb5f56b000 	C:\WINDOWS\system32\pnrpnsp.dll
0x00007ffb95a20000 - 0x00007ffb95b08000 	C:\WINDOWS\SYSTEM32\DNSAPI.dll
0x00007ffb959f0000 - 0x00007ffb95a1d000 	C:\WINDOWS\SYSTEM32\IPHLPAPI.DLL
0x00007ffb97fa0000 - 0x00007ffb97fa9000 	C:\WINDOWS\System32\NSI.dll
0x00007ffb5f510000 - 0x00007ffb5f522000 	C:\WINDOWS\System32\winrnr.dll
0x00007ffb62aa0000 - 0x00007ffb62ab5000 	C:\WINDOWS\system32\wshbth.dll
0x00007ffb5f4f0000 - 0x00007ffb5f50f000 	C:\WINDOWS\system32\nlansp_c.dll
0x00007ffb899d0000 - 0x00007ffb899da000 	C:\Windows\System32\rasadhlp.dll
0x00007ffb899e0000 - 0x00007ffb89a61000 	C:\WINDOWS\System32\fwpuclnt.dll

dbghelp: loaded successfully - version: 4.0.5 - missing functions: none
symbol engine: initialized successfully - sym options: 0x614 - pdb path: .;C:\Program Files\Java\jdk-17.0.1\bin;C:\WINDOWS\SYSTEM32;C:\WINDOWS\WinSxS\amd64_microsoft.windows.common-controls_6595b64144ccf1df_6.0.22000.120_none_9d947278b86cc467;C:\Program Files\Java\jdk-17.0.1\bin\server;C:\Program Files\JetBrains\IntelliJ IDEA Community Edition 2021.2.3\bin

VM Arguments:
jvm_args: -javaagent:C:\Program Files\JetBrains\IntelliJ IDEA Community Edition 2021.2.3\lib\idea_rt.jar=56343:C:\Program Files\JetBrains\IntelliJ IDEA Community Edition 2021.2.3\bin -Dfile.encoding=UTF-8 
java_command: com.examplecodebuffer.sprinboot.SprinbootApplication
java_class_path (initial): S:\Java spring boot\sprinboot\sprinboot\target\classes;C:\Users\suraj\.m2\repository\org\springframework\boot\spring-boot-starter-web\2.6.7\spring-boot-starter-web-2.6.7.jar;C:\Users\suraj\.m2\repository\org\springframework\boot\spring-boot-starter\2.6.7\spring-boot-starter-2.6.7.jar;C:\Users\suraj\.m2\repository\org\springframework\boot\spring-boot-starter-logging\2.6.7\spring-boot-starter-logging-2.6.7.jar;C:\Users\suraj\.m2\repository\ch\qos\logback\logback-classic\1.2.11\logback-classic-1.2.11.jar;C:\Users\suraj\.m2\repository\ch\qos\logback\logback-core\1.2.11\logback-core-1.2.11.jar;C:\Users\suraj\.m2\repository\org\apache\logging\log4j\log4j-to-slf4j\2.17.2\log4j-to-slf4j-2.17.2.jar;C:\Users\suraj\.m2\repository\org\apache\logging\log4j\log4j-api\2.17.2\log4j-api-2.17.2.jar;C:\Users\suraj\.m2\repository\org\slf4j\jul-to-slf4j\1.7.36\jul-to-slf4j-1.7.36.jar;C:\Users\suraj\.m2\repository\jakarta\annotation\jakarta.annotation-api\1.3.5\jakarta.annotation-api-1.3.5.jar;C:\Users\suraj\.m2\repository\org\yaml\snakeyaml\1.29\snakeyaml-1.29.jar;C:\Users\suraj\.m2\repository\org\springframework\boot\spring-boot-starter-json\2.6.7\spring-boot-starter-json-2.6.7.jar;C:\Users\suraj\.m2\repository\com\fasterxml\jackson\core\jackson-databind\2.13.2.1\jackson-databind-2.13.2.1.jar;C:\Users\suraj\.m2\repository\com\fasterxml\jackson\core\jackson-annotations\2.13.2\jackson-annotations-2.13.2.jar;C:\Users\suraj\.m2\repository\com\fasterxml\jackson\core\jackson-core\2.13.2\jackson-core-2.13.2.jar;C:\Users\suraj\.m2\repository\com\fasterxml\jackson\datatype\jackson-datatype-jdk8\2.13.2\jackson-datatype-jdk8-2.13.2.jar;C:\Users\suraj\.m2\repository\com\fasterxml\jackson\datatype\jackson-datatype-jsr310\2.13.2\jackson-datatype-jsr310-2.13.2.jar;C:\Users\suraj\.m2\repository\com\fasterxml\jackson\module\jackson-module-parameter-names\2.13.2\jackson-module-parameter-names-2.13.2.jar;C:\Users\suraj\.m2\repository\org\springframework\boot\spring-boot-start
Launcher Type: SUN_STANDARD

[Global flags]
     intx CICompilerCount                          = 3                                         {product} {ergonomic}
     uint ConcGCThreads                            = 1                                         {product} {ergonomic}
     uint G1ConcRefinementThreads                  = 4                                         {product} {ergonomic}
   size_t G1HeapRegionSize                         = 1048576                                   {product} {ergonomic}
    uintx GCDrainStackTargetSize                   = 64                                        {product} {ergonomic}
   size_t InitialHeapSize                          = 65011712                                  {product} {ergonomic}
   size_t MarkStackSize                            = 4194304                                   {product} {ergonomic}
   size_t MaxHeapSize                              = 1015021568                                {product} {ergonomic}
   size_t MaxNewSize                               = 608174080                                 {product} {ergonomic}
   size_t MinHeapDeltaBytes                        = 1048576                                   {product} {ergonomic}
   size_t MinHeapSize                              = 8388608                                   {product} {ergonomic}
    uintx NonNMethodCodeHeapSize                   = 5832780                                {pd product} {ergonomic}
    uintx NonProfiledCodeHeapSize                  = 122912730                              {pd product} {ergonomic}
    uintx ProfiledCodeHeapSize                     = 122912730                              {pd product} {ergonomic}
    uintx ReservedCodeCacheSize                    = 251658240                              {pd product} {ergonomic}
     bool SegmentedCodeCache                       = true                                      {product} {ergonomic}
   size_t SoftMaxHeapSize                          = 1015021568                             {manageable} {ergonomic}
     bool UseCompressedClassPointers               = true                           {product lp64_product} {ergonomic}
     bool UseCompressedOops                        = true                           {product lp64_product} {ergonomic}
     bool UseG1GC                                  = true                                      {product} {ergonomic}
     bool UseLargePagesIndividualAllocation        = false                                  {pd product} {ergonomic}

Logging:
Log output configuration:
 #0: stdout all=warning uptime,level,tags
 #1: stderr all=off uptime,level,tags

Environment Variables:
PATH=C:\Program Files\Common Files\Oracle\Java\javapath;C:\Program Files\Python310\Scripts\;C:\Program Files\Python310\;C:\Program Files (x86)\Common Files\Intel\Shared Libraries\redist\intel64\compiler;C:\Program Files (x86)\NVIDIA Corporation\PhysX\Common;C:\WINDOWS\system32;C:\WINDOWS;C:\WINDOWS\System32\Wbem;C:\WINDOWS\System32\WindowsPowerShell\v1.0\;C:\WINDOWS\System32\OpenSSH\;C:\Program Files\dotnet\;C:\Users\suraj\AppData\Local\Microsoft\WindowsApps;;C:\Users\suraj\AppData\Local\Programs\Microsoft VS Code\bin;C:\Program Files\JetBrains\IntelliJ IDEA Community Edition 2021.2.3\bin;
USERNAME=suraj
OS=Windows_NT
PROCESSOR_IDENTIFIER=Intel64 Family 6 Model 142 Stepping 12, GenuineIntel



---------------  S Y S T E M  ---------------

OS:
 Windows 10 , 64 bit Build 22000 (10.0.22000.675)
OS uptime: 0 days 23:00 hours

CPU: total 4 (initial active 4) (2 cores per cpu, 2 threads per core) family 6 model 142 stepping 12 microcode 0xde, cx8, cmov, fxsr, ht, mmx, 3dnowpref, sse, sse2, sse3, ssse3, sse4.1, sse4.2, popcnt, lzcnt, tsc, tscinvbit, avx, avx2, aes, erms, clmul, bmi1, bmi2, adx, fma, vzeroupper, clflush, clflushopt

Memory: 4k page, system-wide physical 3871M (325M free)
TotalPageFile size 15647M (AvailPageFile size 4M)
current process WorkingSet (physical memory assigned to process): 113M, peak: 113M
current process commit charge ("private bytes"): 165M, peak: 167M

vm_info: Java HotSpot(TM) 64-Bit Server VM (17.0.1+12-LTS-39) for windows-amd64 JRE (17.0.1+12-LTS-39), built on Sep 27 2021 18:41:35 by "mach5one" with MS VC++ 16.8 (VS2019)

END.
