#
# There is insufficient memory for the Java Runtime Environment to continue.
# Native memory allocation (malloc) failed to allocate 746416 bytes for Chunk::new
# Possible reasons:
#   The system is out of physical RAM or swap space
#   The process is running with CompressedOops enabled, and the Java Heap may be blocking the growth of the native heap
# Possible solutions:
#   Reduce memory load on the system
#   Increase physical memory or swap space
#   Check if swap backing store is full
#   Decrease Java heap size (-Xmx/-Xms)
#   Decrease number of Java threads
#   Decrease Java thread stack sizes (-Xss)
#   Set larger code cache with -XX:ReservedCodeCacheSize=
#   JVM is running with Unscaled Compressed Oops mode in which the Java heap is
#     placed in the first 4GB address space. The Java Heap base address is the
#     maximum limit for the native heap growth. Please use -XX:HeapBaseMinAddress
#     to set the Java Heap base and to place the Java Heap above 4GB virtual address.
# This output file may be truncated or incomplete.
#
#  Out of Memory Error (arena.cpp:189), pid=2664, tid=16484
#
# JRE version: Java(TM) SE Runtime Environment (17.0.1+12) (build 17.0.1+12-LTS-39)
# Java VM: Java HotSpot(TM) 64-Bit Server VM (17.0.1+12-LTS-39, mixed mode, sharing, tiered, compressed oops, compressed class ptrs, g1 gc, windows-amd64)
# No core dump will be written. Minidumps are not enabled by default on client versions of Windows
#

---------------  S U M M A R Y ------------

Command Line: -ea -Didea.test.cyclic.buffer.size=1048576 -javaagent:C:\Program Files\JetBrains\IntelliJ IDEA Community Edition 2021.2.3\lib\idea_rt.jar=55272:C:\Program Files\JetBrains\IntelliJ IDEA Community Edition 2021.2.3\bin -Dfile.encoding=UTF-8 com.intellij.rt.junit.JUnitStarter -ideVersion5 -junit5 com.examplecodebuffer.sprinboot.controller.DepartmentControllerTest,fetchDepartmentByID

Host: Intel(R) Core(TM) i3-8145U CPU @ 2.10GHz, 4 cores, 3G,  Windows 10 , 64 bit Build 22000 (10.0.22000.675)
Time: Sun May 22 16:46:23 2022 India Standard Time elapsed time: 12.966137 seconds (0d 0h 0m 12s)

---------------  T H R E A D  ---------------

Current thread (0x000002dd292658d0):  JavaThread "C2 CompilerThread0" daemon [_thread_in_native, id=16484, stack(0x000000f5b1300000,0x000000f5b1400000)]


Current CompileTask:
C2:  12966 2370       4       jdk.internal.loader.URLClassPath::getResource (74 bytes)

Stack: [0x000000f5b1300000,0x000000f5b1400000]
Native frames: (J=compiled Java code, j=interpreted, Vv=VM code, C=native code)
V  [jvm.dll+0x66fa1a]
V  [jvm.dll+0x7ce5a4]
V  [jvm.dll+0x7cfd4e]
V  [jvm.dll+0x7d03b3]
V  [jvm.dll+0x242b05]
V  [jvm.dll+0xaa05b]
V  [jvm.dll+0xaa5ec]
V  [jvm.dll+0x35f9b2]
V  [jvm.dll+0x329f51]
V  [jvm.dll+0x3293fa]
V  [jvm.dll+0x215bf1]
V  [jvm.dll+0x215011]
V  [jvm.dll+0x1a168d]
V  [jvm.dll+0x224848]
V  [jvm.dll+0x2229ac]
V  [jvm.dll+0x78435b]
V  [jvm.dll+0x77e91a]
V  [jvm.dll+0x66e845]
C  [ucrtbase.dll+0x26c0c]
C  [KERNEL32.DLL+0x154e0]
C  [ntdll.dll+0x485b]


---------------  P R O C E S S  ---------------

Threads class SMR info:
_java_thread_list=0x000002dd45e9a9f0, length=14, elements={
0x000002dd2919d790, 0x000002dd2924c770, 0x000002dd2924d5e0, 0x000002dd2925ecf0,
0x000002dd292608b0, 0x000002dd29263270, 0x000002dd29263c20, 0x000002dd292658d0,
0x000002dd292682a0, 0x000002dd2926b350, 0x000002dd44c183c0, 0x000002dd44d004f0,
0x000002dd44d009c0, 0x000002dd45f80060
}

Java Threads: ( => current thread )
  0x000002dd2919d790 JavaThread "main" [_thread_in_vm, id=14960, stack(0x000000f5b0600000,0x000000f5b0700000)]
  0x000002dd2924c770 JavaThread "Reference Handler" daemon [_thread_blocked, id=18104, stack(0x000000f5b0d00000,0x000000f5b0e00000)]
  0x000002dd2924d5e0 JavaThread "Finalizer" daemon [_thread_blocked, id=15268, stack(0x000000f5b0e00000,0x000000f5b0f00000)]
  0x000002dd2925ecf0 JavaThread "Signal Dispatcher" daemon [_thread_blocked, id=11652, stack(0x000000f5b0f00000,0x000000f5b1000000)]
  0x000002dd292608b0 JavaThread "Attach Listener" daemon [_thread_blocked, id=15208, stack(0x000000f5b1000000,0x000000f5b1100000)]
  0x000002dd29263270 JavaThread "Service Thread" daemon [_thread_blocked, id=15888, stack(0x000000f5b1100000,0x000000f5b1200000)]
  0x000002dd29263c20 JavaThread "Monitor Deflation Thread" daemon [_thread_blocked, id=17088, stack(0x000000f5b1200000,0x000000f5b1300000)]
=>0x000002dd292658d0 JavaThread "C2 CompilerThread0" daemon [_thread_in_native, id=16484, stack(0x000000f5b1300000,0x000000f5b1400000)]
  0x000002dd292682a0 JavaThread "C1 CompilerThread0" daemon [_thread_blocked, id=15368, stack(0x000000f5b1400000,0x000000f5b1500000)]
  0x000002dd2926b350 JavaThread "Sweeper thread" daemon [_thread_blocked, id=12320, stack(0x000000f5b1500000,0x000000f5b1600000)]
  0x000002dd44c183c0 JavaThread "Common-Cleaner" daemon [_thread_blocked, id=14200, stack(0x000000f5b1600000,0x000000f5b1700000)]
  0x000002dd44d004f0 JavaThread "Monitor Ctrl-Break" daemon [_thread_in_native, id=16308, stack(0x000000f5b1700000,0x000000f5b1800000)]
  0x000002dd44d009c0 JavaThread "Notification Thread" daemon [_thread_blocked, id=16984, stack(0x000000f5b1800000,0x000000f5b1900000)]
  0x000002dd45f80060 JavaThread "background-preinit" [_thread_in_vm, id=10296, stack(0x000000f5b1d00000,0x000000f5b1e00000)] _threads_hazard_ptr=0x000002dd45e9a9f0

Other Threads:
  0x000002dd29245c30 VMThread "VM Thread" [stack: 0x000000f5b0c00000,0x000000f5b0d00000] [id=2052]
  0x000002dd44c92320 WatcherThread [stack: 0x000000f5b1900000,0x000000f5b1a00000] [id=14468]
  0x000002dd291c9d10 GCTaskThread "GC Thread#0" [stack: 0x000000f5b0700000,0x000000f5b0800000] [id=8244]
  0x000002dd454afe40 GCTaskThread "GC Thread#1" [stack: 0x000000f5b1a00000,0x000000f5b1b00000] [id=15220]
  0x000002dd452994a0 GCTaskThread "GC Thread#2" [stack: 0x000000f5b1b00000,0x000000f5b1c00000] [id=2620]
  0x000002dd45337ae0 GCTaskThread "GC Thread#3" [stack: 0x000000f5b1c00000,0x000000f5b1d00000] [id=2188]
  0x000002dd291d2550 ConcurrentGCThread "G1 Main Marker" [stack: 0x000000f5b0800000,0x000000f5b0900000] [id=17668]
  0x000002dd291d2f60 ConcurrentGCThread "G1 Conc#0" [stack: 0x000000f5b0900000,0x000000f5b0a00000] [id=7464]
  0x000002dd292121d0 ConcurrentGCThread "G1 Refine#0" [stack: 0x000000f5b0a00000,0x000000f5b0b00000] [id=2496]
  0x000002dd29212bf0 ConcurrentGCThread "G1 Service" [stack: 0x000000f5b0b00000,0x000000f5b0c00000] [id=7256]

Threads with active compile tasks:
C2 CompilerThread0    13013 2370       4       jdk.internal.loader.URLClassPath::getResource (74 bytes)

VM state: not at safepoint (normal execution)

VM Mutex/Monitor currently owned by a thread: None

Heap address: 0x00000000c3800000, size: 968 MB, Compressed Oops mode: 32-bit

CDS archive(s) mapped at: [0x0000000800000000-0x0000000800bc0000-0x0000000800bc0000), size 12320768, SharedBaseAddress: 0x0000000800000000, ArchiveRelocationMode: 0.
Compressed class space mapped at: 0x0000000800c00000-0x0000000840c00000, reserved size: 1073741824
Narrow klass base: 0x0000000800000000, Narrow klass shift: 0, Narrow klass range: 0x100000000

GC Precious Log:
 CPUs: 4 total, 4 available
 Memory: 3871M
 Large Page Support: Disabled
 NUMA Support: Disabled
 Compressed Oops: Enabled (32-bit)
 Heap Region Size: 1M
 Heap Min Capacity: 8M
 Heap Initial Capacity: 62M
 Heap Max Capacity: 968M
 Pre-touch: Disabled
 Parallel Workers: 4
 Concurrent Workers: 1
 Concurrent Refinement Workers: 4
 Periodic GC: Disabled

Heap:
 garbage-first heap   total 63488K, used 18341K [0x00000000c3800000, 0x0000000100000000)
  region size 1024K, 12 young (12288K), 4 survivors (4096K)
 Metaspace       used 16785K, committed 17024K, reserved 1064960K
  class space    used 2271K, committed 2368K, reserved 1048576K

Heap Regions: E=young(eden), S=young(survivor), O=old, HS=humongous(starts), HC=humongous(continues), CS=collection set, F=free, OA=open archive, CA=closed archive, TAMS=top-at-mark-start (previous, next)
|   0|0x00000000c3800000, 0x00000000c3900000, 0x00000000c3900000|100%|HS|  |TAMS 0x00000000c3800000, 0x00000000c3800000| Complete 
|   1|0x00000000c3900000, 0x00000000c3a00000, 0x00000000c3a00000|100%| O|  |TAMS 0x00000000c3900000, 0x00000000c3900000| Untracked 
|   2|0x00000000c3a00000, 0x00000000c3b00000, 0x00000000c3b00000|100%| O|  |TAMS 0x00000000c3a00000, 0x00000000c3a00000| Untracked 
|   3|0x00000000c3b00000, 0x00000000c3c00000, 0x00000000c3c00000|100%| O|  |TAMS 0x00000000c3b00000, 0x00000000c3b00000| Untracked 
|   4|0x00000000c3c00000, 0x00000000c3d00000, 0x00000000c3d00000|100%| O|  |TAMS 0x00000000c3c00000, 0x00000000c3c00000| Untracked 
|   5|0x00000000c3d00000, 0x00000000c3e00000, 0x00000000c3e00000|100%| O|  |TAMS 0x00000000c3d00000, 0x00000000c3d00000| Untracked 
|   6|0x00000000c3e00000, 0x00000000c3f00000, 0x00000000c3f00000|100%| O|  |TAMS 0x00000000c3e00000, 0x00000000c3e00000| Untracked 
|   7|0x00000000c3f00000, 0x00000000c3f3d800, 0x00000000c4000000| 24%| O|  |TAMS 0x00000000c3f00000, 0x00000000c3f00000| Untracked 
|   8|0x00000000c4000000, 0x00000000c4000000, 0x00000000c4100000|  0%| F|  |TAMS 0x00000000c4000000, 0x00000000c4000000| Untracked 
|   9|0x00000000c4100000, 0x00000000c4100000, 0x00000000c4200000|  0%| F|  |TAMS 0x00000000c4100000, 0x00000000c4100000| Untracked 
|  10|0x00000000c4200000, 0x00000000c4200000, 0x00000000c4300000|  0%| F|  |TAMS 0x00000000c4200000, 0x00000000c4200000| Untracked 
|  11|0x00000000c4300000, 0x00000000c4300000, 0x00000000c4400000|  0%| F|  |TAMS 0x00000000c4300000, 0x00000000c4300000| Untracked 
|  12|0x00000000c4400000, 0x00000000c4400000, 0x00000000c4500000|  0%| F|  |TAMS 0x00000000c4400000, 0x00000000c4400000| Untracked 
|  13|0x00000000c4500000, 0x00000000c4500000, 0x00000000c4600000|  0%| F|  |TAMS 0x00000000c4500000, 0x00000000c4500000| Untracked 
|  14|0x00000000c4600000, 0x00000000c4600000, 0x00000000c4700000|  0%| F|  |TAMS 0x00000000c4600000, 0x00000000c4600000| Untracked 
|  15|0x00000000c4700000, 0x00000000c4700000, 0x00000000c4800000|  0%| F|  |TAMS 0x00000000c4700000, 0x00000000c4700000| Untracked 
|  16|0x00000000c4800000, 0x00000000c4800000, 0x00000000c4900000|  0%| F|  |TAMS 0x00000000c4800000, 0x00000000c4800000| Untracked 
|  17|0x00000000c4900000, 0x00000000c4900000, 0x00000000c4a00000|  0%| F|  |TAMS 0x00000000c4900000, 0x00000000c4900000| Untracked 
|  18|0x00000000c4a00000, 0x00000000c4a00000, 0x00000000c4b00000|  0%| F|  |TAMS 0x00000000c4a00000, 0x00000000c4a00000| Untracked 
|  19|0x00000000c4b00000, 0x00000000c4b00000, 0x00000000c4c00000|  0%| F|  |TAMS 0x00000000c4b00000, 0x00000000c4b00000| Untracked 
|  20|0x00000000c4c00000, 0x00000000c4c00000, 0x00000000c4d00000|  0%| F|  |TAMS 0x00000000c4c00000, 0x00000000c4c00000| Untracked 
|  21|0x00000000c4d00000, 0x00000000c4d00000, 0x00000000c4e00000|  0%| F|  |TAMS 0x00000000c4d00000, 0x00000000c4d00000| Untracked 
|  22|0x00000000c4e00000, 0x00000000c4e00000, 0x00000000c4f00000|  0%| F|  |TAMS 0x00000000c4e00000, 0x00000000c4e00000| Untracked 
|  23|0x00000000c4f00000, 0x00000000c4f00000, 0x00000000c5000000|  0%| F|  |TAMS 0x00000000c4f00000, 0x00000000c4f00000| Untracked 
|  24|0x00000000c5000000, 0x00000000c5000000, 0x00000000c5100000|  0%| F|  |TAMS 0x00000000c5000000, 0x00000000c5000000| Untracked 
|  25|0x00000000c5100000, 0x00000000c5100000, 0x00000000c5200000|  0%| F|  |TAMS 0x00000000c5100000, 0x00000000c5100000| Untracked 
|  26|0x00000000c5200000, 0x00000000c5200000, 0x00000000c5300000|  0%| F|  |TAMS 0x00000000c5200000, 0x00000000c5200000| Untracked 
|  27|0x00000000c5300000, 0x00000000c5300000, 0x00000000c5400000|  0%| F|  |TAMS 0x00000000c5300000, 0x00000000c5300000| Untracked 
|  28|0x00000000c5400000, 0x00000000c54abc28, 0x00000000c5500000| 67%| S|CS|TAMS 0x00000000c5400000, 0x00000000c5400000| Complete 
|  29|0x00000000c5500000, 0x00000000c5600000, 0x00000000c5600000|100%| S|CS|TAMS 0x00000000c5500000, 0x00000000c5500000| Complete 
|  30|0x00000000c5600000, 0x00000000c5700000, 0x00000000c5700000|100%| S|CS|TAMS 0x00000000c5600000, 0x00000000c5600000| Complete 
|  31|0x00000000c5700000, 0x00000000c5800000, 0x00000000c5800000|100%| S|CS|TAMS 0x00000000c5700000, 0x00000000c5700000| Complete 
|  32|0x00000000c5800000, 0x00000000c5800000, 0x00000000c5900000|  0%| F|  |TAMS 0x00000000c5800000, 0x00000000c5800000| Untracked 
|  33|0x00000000c5900000, 0x00000000c5900000, 0x00000000c5a00000|  0%| F|  |TAMS 0x00000000c5900000, 0x00000000c5900000| Untracked 
|  34|0x00000000c5a00000, 0x00000000c5a00000, 0x00000000c5b00000|  0%| F|  |TAMS 0x00000000c5a00000, 0x00000000c5a00000| Untracked 
|  35|0x00000000c5b00000, 0x00000000c5b00000, 0x00000000c5c00000|  0%| F|  |TAMS 0x00000000c5b00000, 0x00000000c5b00000| Untracked 
|  36|0x00000000c5c00000, 0x00000000c5c00000, 0x00000000c5d00000|  0%| F|  |TAMS 0x00000000c5c00000, 0x00000000c5c00000| Untracked 
|  37|0x00000000c5d00000, 0x00000000c5d00000, 0x00000000c5e00000|  0%| F|  |TAMS 0x00000000c5d00000, 0x00000000c5d00000| Untracked 
|  38|0x00000000c5e00000, 0x00000000c5e00000, 0x00000000c5f00000|  0%| F|  |TAMS 0x00000000c5e00000, 0x00000000c5e00000| Untracked 
|  39|0x00000000c5f00000, 0x00000000c5f00000, 0x00000000c6000000|  0%| F|  |TAMS 0x00000000c5f00000, 0x00000000c5f00000| Untracked 
|  40|0x00000000c6000000, 0x00000000c6000000, 0x00000000c6100000|  0%| F|  |TAMS 0x00000000c6000000, 0x00000000c6000000| Untracked 
|  41|0x00000000c6100000, 0x00000000c6100000, 0x00000000c6200000|  0%| F|  |TAMS 0x00000000c6100000, 0x00000000c6100000| Untracked 
|  42|0x00000000c6200000, 0x00000000c6200000, 0x00000000c6300000|  0%| F|  |TAMS 0x00000000c6200000, 0x00000000c6200000| Untracked 
|  43|0x00000000c6300000, 0x00000000c6300000, 0x00000000c6400000|  0%| F|  |TAMS 0x00000000c6300000, 0x00000000c6300000| Untracked 
|  44|0x00000000c6400000, 0x00000000c6400000, 0x00000000c6500000|  0%| F|  |TAMS 0x00000000c6400000, 0x00000000c6400000| Untracked 
|  45|0x00000000c6500000, 0x00000000c6500000, 0x00000000c6600000|  0%| F|  |TAMS 0x00000000c6500000, 0x00000000c6500000| Untracked 
|  46|0x00000000c6600000, 0x00000000c6600000, 0x00000000c6700000|  0%| F|  |TAMS 0x00000000c6600000, 0x00000000c6600000| Untracked 
|  47|0x00000000c6700000, 0x00000000c6700000, 0x00000000c6800000|  0%| F|  |TAMS 0x00000000c6700000, 0x00000000c6700000| Untracked 
|  48|0x00000000c6800000, 0x00000000c6800000, 0x00000000c6900000|  0%| F|  |TAMS 0x00000000c6800000, 0x00000000c6800000| Untracked 
|  49|0x00000000c6900000, 0x00000000c6900000, 0x00000000c6a00000|  0%| F|  |TAMS 0x00000000c6900000, 0x00000000c6900000| Untracked 
|  50|0x00000000c6a00000, 0x00000000c6a00000, 0x00000000c6b00000|  0%| F|  |TAMS 0x00000000c6a00000, 0x00000000c6a00000| Untracked 
|  51|0x00000000c6b00000, 0x00000000c6b00000, 0x00000000c6c00000|  0%| F|  |TAMS 0x00000000c6b00000, 0x00000000c6b00000| Untracked 
|  52|0x00000000c6c00000, 0x00000000c6c00000, 0x00000000c6d00000|  0%| F|  |TAMS 0x00000000c6c00000, 0x00000000c6c00000| Untracked 
|  53|0x00000000c6d00000, 0x00000000c6d00000, 0x00000000c6e00000|  0%| F|  |TAMS 0x00000000c6d00000, 0x00000000c6d00000| Untracked 
|  54|0x00000000c6e00000, 0x00000000c6eb49d8, 0x00000000c6f00000| 70%| E|  |TAMS 0x00000000c6e00000, 0x00000000c6e00000| Complete 
|  55|0x00000000c6f00000, 0x00000000c7000000, 0x00000000c7000000|100%| E|CS|TAMS 0x00000000c6f00000, 0x00000000c6f00000| Complete 
|  56|0x00000000c7000000, 0x00000000c7100000, 0x00000000c7100000|100%| E|CS|TAMS 0x00000000c7000000, 0x00000000c7000000| Complete 
|  57|0x00000000c7100000, 0x00000000c7200000, 0x00000000c7200000|100%| E|CS|TAMS 0x00000000c7100000, 0x00000000c7100000| Complete 
|  58|0x00000000c7200000, 0x00000000c7300000, 0x00000000c7300000|100%| E|CS|TAMS 0x00000000c7200000, 0x00000000c7200000| Complete 
|  59|0x00000000c7300000, 0x00000000c7400000, 0x00000000c7400000|100%| E|CS|TAMS 0x00000000c7300000, 0x00000000c7300000| Complete 
|  60|0x00000000c7400000, 0x00000000c7500000, 0x00000000c7500000|100%| E|CS|TAMS 0x00000000c7400000, 0x00000000c7400000| Complete 
|  61|0x00000000c7500000, 0x00000000c7600000, 0x00000000c7600000|100%| E|CS|TAMS 0x00000000c7500000, 0x00000000c7500000| Complete 

Card table byte_map: [0x000002dd3fb90000,0x000002dd3fd80000] _byte_map_base: 0x000002dd3f574000

Marking Bits (Prev, Next): (CMBitMap*) 0x000002dd291ca320, (CMBitMap*) 0x000002dd291ca360
 Prev Bits: [0x000002dd3ff70000, 0x000002dd40e90000)
 Next Bits: [0x000002dd40e90000, 0x000002dd41db0000)

Polling page: 0x000002dd270a0000

Metaspace:

Usage:
  Non-class:     14.17 MB used.
      Class:      2.22 MB used.
       Both:     16.39 MB used.

Virtual space:
  Non-class space:       16.00 MB reserved,      14.31 MB ( 89%) committed,  2 nodes.
      Class space:        1.00 GB reserved,       2.31 MB ( <1%) committed,  1 nodes.
             Both:        1.02 GB reserved,      16.62 MB (  2%) committed. 

Chunk freelists:
   Non-Class:  1.30 MB
       Class:  1.69 MB
        Both:  2.98 MB

MaxMetaspaceSize: unlimited
CompressedClassSpaceSize: 1.00 GB
Initial GC threshold: 21.00 MB
Current GC threshold: 21.00 MB
CDS: on
MetaspaceReclaimPolicy: balanced
 - commit_granule_bytes: 65536.
 - commit_granule_words: 8192.
 - virtual_space_node_default_size: 1048576.
 - enlarge_chunks_in_place: 1.
 - new_chunks_are_fully_committed: 0.
 - uncommit_free_chunks: 1.
 - use_allocation_guard: 0.
 - handle_deallocations: 1.


Internal statistics:

num_allocs_failed_limit: 0.
num_arena_births: 170.
num_arena_deaths: 0.
num_vsnodes_births: 3.
num_vsnodes_deaths: 0.
num_space_committed: 266.
num_space_uncommitted: 0.
num_chunks_returned_to_freelist: 0.
num_chunks_taken_from_freelist: 705.
num_chunk_merges: 0.
num_chunk_splits: 484.
num_chunks_enlarged: 377.
num_purges: 0.
num_inconsistent_stats: 0.

CodeHeap 'non-profiled nmethods': size=120000Kb used=1020Kb max_used=1020Kb free=118979Kb
 bounds [0x000002dd38470000, 0x000002dd386e0000, 0x000002dd3f9a0000]
CodeHeap 'profiled nmethods': size=120000Kb used=4915Kb max_used=4915Kb free=115084Kb
 bounds [0x000002dd30f40000, 0x000002dd31410000, 0x000002dd38470000]
CodeHeap 'non-nmethods': size=5760Kb used=1173Kb max_used=1237Kb free=4586Kb
 bounds [0x000002dd309a0000, 0x000002dd30c10000, 0x000002dd30f40000]
 total_blobs=2844 nmethods=2378 adapters=378
 compilation: enabled
              stopped_count=0, restarted_count=0
 full_count=0

Compilation events (20 events):
Event: 12.845 Thread 0x000002dd292682a0 nmethod 2366 0x000002dd3856e310 code [0x000002dd3856e4a0, 0x000002dd3856e578]
Event: 12.845 Thread 0x000002dd292682a0 2368       3       java.lang.reflect.Method::getRoot (5 bytes)
Event: 12.845 Thread 0x000002dd292682a0 nmethod 2368 0x000002dd31405190 code [0x000002dd31405320, 0x000002dd31405438]
Event: 12.845 Thread 0x000002dd292682a0 2367       1       java.lang.reflect.Method::getAnnotationBytes (5 bytes)
Event: 12.846 Thread 0x000002dd292682a0 nmethod 2367 0x000002dd3856e610 code [0x000002dd3856e7a0, 0x000002dd3856e878]
Event: 12.846 Thread 0x000002dd292682a0 2369       1       java.lang.Enum::name (5 bytes)
Event: 12.846 Thread 0x000002dd292682a0 nmethod 2369 0x000002dd3856e910 code [0x000002dd3856eaa0, 0x000002dd3856eb78]
Event: 12.854 Thread 0x000002dd292658d0 2370       4       jdk.internal.loader.URLClassPath::getResource (74 bytes)
Event: 12.863 Thread 0x000002dd292682a0 2371       3       java.util.Collections$UnmodifiableRandomAccessList::<init> (6 bytes)
Event: 12.863 Thread 0x000002dd292682a0 nmethod 2371 0x000002dd31405510 code [0x000002dd314056e0, 0x000002dd31405ac8]
Event: 12.885 Thread 0x000002dd292682a0 2372   !   3       java.util.concurrent.ConcurrentHashMap::putVal (432 bytes)
Event: 12.887 Thread 0x000002dd292682a0 nmethod 2372 0x000002dd31405c10 code [0x000002dd31405f80, 0x000002dd31407b28]
Event: 12.896 Thread 0x000002dd292682a0 2373       3       java.lang.System$2::join (11 bytes)
Event: 12.898 Thread 0x000002dd292682a0 nmethod 2373 0x000002dd31408510 code [0x000002dd31408860, 0x000002dd31409d88]
Event: 12.900 Thread 0x000002dd292682a0 2374  s    3       java.lang.Throwable::fillInStackTrace (29 bytes)
Event: 12.900 Thread 0x000002dd292682a0 nmethod 2374 0x000002dd3140a810 code [0x000002dd3140a9c0, 0x000002dd3140aca8]
Event: 12.915 Thread 0x000002dd292682a0 2376       3       org.springframework.core.convert.converter.GenericConverter$ConvertiblePair::hashCode (19 bytes)
Event: 12.915 Thread 0x000002dd292682a0 nmethod 2376 0x000002dd3140ad90 code [0x000002dd3140af40, 0x000002dd3140b1f8]
Event: 12.922 Thread 0x000002dd292682a0 2377       3       java.util.concurrent.ConcurrentHashMap::addCount (280 bytes)
Event: 12.923 Thread 0x000002dd292682a0 nmethod 2377 0x000002dd3140b310 code [0x000002dd3140b560, 0x000002dd3140bf18]

GC Heap History (8 events):
Event: 2.273 GC heap before
{Heap before GC invocations=0 (full 0):
 garbage-first heap   total 63488K, used 13312K [0x00000000c3800000, 0x0000000100000000)
  region size 1024K, 13 young (13312K), 0 survivors (0K)
 Metaspace       used 2611K, committed 2752K, reserved 1056768K
  class space    used 245K, committed 320K, reserved 1048576K
}
Event: 2.311 GC heap after
{Heap after GC invocations=1 (full 0):
 garbage-first heap   total 63488K, used 6871K [0x00000000c3800000, 0x0000000100000000)
  region size 1024K, 2 young (2048K), 2 survivors (2048K)
 Metaspace       used 2611K, committed 2752K, reserved 1056768K
  class space    used 245K, committed 320K, reserved 1048576K
}
Event: 4.950 GC heap before
{Heap before GC invocations=1 (full 0):
 garbage-first heap   total 63488K, used 16087K [0x00000000c3800000, 0x0000000100000000)
  region size 1024K, 11 young (11264K), 2 survivors (2048K)
 Metaspace       used 4717K, committed 4928K, reserved 1056768K
  class space    used 574K, committed 704K, reserved 1048576K
}
Event: 4.955 GC heap after
{Heap after GC invocations=2 (full 0):
 garbage-first heap   total 63488K, used 7522K [0x00000000c3800000, 0x0000000100000000)
  region size 1024K, 1 young (1024K), 1 survivors (1024K)
 Metaspace       used 4717K, committed 4928K, reserved 1056768K
  class space    used 574K, committed 704K, reserved 1048576K
}
Event: 9.135 GC heap before
{Heap before GC invocations=2 (full 0):
 garbage-first heap   total 63488K, used 26978K [0x00000000c3800000, 0x0000000100000000)
  region size 1024K, 20 young (20480K), 1 survivors (1024K)
 Metaspace       used 8793K, committed 8960K, reserved 1064960K
  class space    used 1081K, committed 1152K, reserved 1048576K
}
Event: 9.144 GC heap after
{Heap after GC invocations=3 (full 0):
 garbage-first heap   total 63488K, used 9188K [0x00000000c3800000, 0x0000000100000000)
  region size 1024K, 3 young (3072K), 3 survivors (3072K)
 Metaspace       used 8793K, committed 8960K, reserved 1064960K
  class space    used 1081K, committed 1152K, reserved 1048576K
}
Event: 12.530 GC heap before
{Heap before GC invocations=3 (full 0):
 garbage-first heap   total 63488K, used 35812K [0x00000000c3800000, 0x0000000100000000)
  region size 1024K, 30 young (30720K), 3 survivors (3072K)
 Metaspace       used 15331K, committed 15552K, reserved 1064960K
  class space    used 2004K, committed 2112K, reserved 1048576K
}
Event: 12.538 GC heap after
{Heap after GC invocations=4 (full 0):
 garbage-first heap   total 63488K, used 11173K [0x00000000c3800000, 0x0000000100000000)
  region size 1024K, 4 young (4096K), 4 survivors (4096K)
 Metaspace       used 15331K, committed 15552K, reserved 1064960K
  class space    used 2004K, committed 2112K, reserved 1048576K
}

Deoptimization events (20 events):
Event: 12.365 Thread 0x000002dd45f80060 DEOPT PACKING pc=0x000002dd313bcd7d sp=0x000000f5b1dfdfd0
Event: 12.365 Thread 0x000002dd45f80060 DEOPT UNPACKING pc=0x000002dd309f2b43 sp=0x000000f5b1dfd458 mode 0
Event: 12.580 Thread 0x000002dd45f80060 DEOPT PACKING pc=0x000002dd313bcd7d sp=0x000000f5b1dfe750
Event: 12.580 Thread 0x000002dd45f80060 DEOPT UNPACKING pc=0x000002dd309f2b43 sp=0x000000f5b1dfdbd8 mode 0
Event: 12.720 Thread 0x000002dd45f80060 DEOPT PACKING pc=0x000002dd313bcd7d sp=0x000000f5b1dfe750
Event: 12.720 Thread 0x000002dd45f80060 DEOPT UNPACKING pc=0x000002dd309f2b43 sp=0x000000f5b1dfdbd8 mode 0
Event: 12.821 Thread 0x000002dd2919d790 Uncommon trap: trap_request=0xffffff45 fr.pc=0x000002dd384c81f8 relative=0x0000000000000258
Event: 12.821 Thread 0x000002dd2919d790 Uncommon trap: reason=unstable_if action=reinterpret pc=0x000002dd384c81f8 method=java.util.concurrent.ConcurrentHashMap.get(Ljava/lang/Object;)Ljava/lang/Object; @ 76 c2
Event: 12.821 Thread 0x000002dd2919d790 DEOPT PACKING pc=0x000002dd384c81f8 sp=0x000000f5b06faa50
Event: 12.821 Thread 0x000002dd2919d790 DEOPT UNPACKING pc=0x000002dd309f23a3 sp=0x000000f5b06fa9c8 mode 2
Event: 12.847 Thread 0x000002dd2919d790 Uncommon trap: trap_request=0xffffff45 fr.pc=0x000002dd384e1148 relative=0x0000000000000c28
Event: 12.847 Thread 0x000002dd2919d790 Uncommon trap: reason=unstable_if action=reinterpret pc=0x000002dd384e1148 method=java.util.concurrent.ConcurrentHashMap.addCount(JI)V @ 34 c2
Event: 12.847 Thread 0x000002dd2919d790 DEOPT PACKING pc=0x000002dd384e1148 sp=0x000000f5b06fab80
Event: 12.847 Thread 0x000002dd2919d790 DEOPT UNPACKING pc=0x000002dd309f23a3 sp=0x000000f5b06faa40 mode 2
Event: 12.848 Thread 0x000002dd45f80060 Uncommon trap: trap_request=0xffffff45 fr.pc=0x000002dd384e2694 relative=0x0000000000000154
Event: 12.848 Thread 0x000002dd45f80060 Uncommon trap: reason=unstable_if action=reinterpret pc=0x000002dd384e2694 method=java.util.concurrent.ConcurrentHashMap.addCount(JI)V @ 7 c2
Event: 12.848 Thread 0x000002dd45f80060 DEOPT PACKING pc=0x000002dd384e2694 sp=0x000000f5b1dfe610
Event: 12.848 Thread 0x000002dd45f80060 DEOPT UNPACKING pc=0x000002dd309f23a3 sp=0x000000f5b1dfe570 mode 2
Event: 12.854 Thread 0x000002dd2919d790 DEOPT PACKING pc=0x000002dd313bcd7d sp=0x000000f5b06faae0
Event: 12.854 Thread 0x000002dd2919d790 DEOPT UNPACKING pc=0x000002dd309f2b43 sp=0x000000f5b06f9f68 mode 0

Classes unloaded (0 events):
No events

Classes redefined (0 events):
No events

Internal exceptions (20 events):
Event: 10.944 Thread 0x000002dd2919d790 Exception <a 'java/lang/NoSuchMethodError'{0x00000000c69ecac8}: 'java.lang.Object java.lang.invoke.Invokers$Holder.linkToTargetMethod(java.lang.Object, java.lang.Object, int, java.lang.Object, java.lang.Object)'> (0x00000000c69ecac8) 
thrown [t:\workspace\open\src\hotspot\share\interpreter\linkResolver.cpp, line 766]
Event: 10.947 Thread 0x000002dd2919d790 Exception <a 'java/lang/NoSuchMethodError'{0x00000000c69fcb50}: 'java.lang.Object java.lang.invoke.DirectMethodHandle$Holder.newInvokeSpecial(java.lang.Object, int, java.lang.Object)'> (0x00000000c69fcb50) 
thrown [t:\workspace\open\src\hotspot\share\interpreter\linkResolver.cpp, line 766]
Event: 11.255 Thread 0x000002dd2919d790 Exception <a 'java/lang/NoSuchMethodError'{0x00000000c6732988}: 'void java.lang.invoke.DirectMethodHandle$Holder.invokeStaticInit(java.lang.Object, java.lang.Object)'> (0x00000000c6732988) 
thrown [t:\workspace\open\src\hotspot\share\interpreter\linkResolver.cpp, line 766]
Event: 11.493 Thread 0x000002dd2919d790 Exception <a 'java/lang/NoSuchMethodError'{0x00000000c67d7b58}: 'void java.lang.invoke.DirectMethodHandle$Holder.invokeVirtual(java.lang.Object, java.lang.Object, java.lang.Object, java.lang.Object)'> (0x00000000c67d7b58) 
thrown [t:\workspace\open\src\hotspot\share\interpreter\linkResolver.cpp, line 766]
Event: 12.330 Thread 0x000002dd2919d790 Implicit null exception at 0x000002dd384dfb0c to 0x000002dd384dff64
Event: 12.334 Thread 0x000002dd2919d790 Implicit null exception at 0x000002dd384c088c to 0x000002dd384c0cb8
Event: 12.801 Thread 0x000002dd2919d790 Exception <a 'java/lang/ClassNotFoundException'{0x00000000c7174f60}: java/lang/ObjectCustomizer> (0x00000000c7174f60) 
thrown [t:\workspace\open\src\hotspot\share\classfile\systemDictionary.cpp, line 256]
Event: 12.835 Thread 0x000002dd2919d790 Exception <a 'java/lang/ClassNotFoundException'{0x00000000c718e900}: org/springframework/context/annotation/ConfigurationClassPostProcessorCustomizer> (0x00000000c718e900) 
thrown [t:\workspace\open\src\hotspot\share\classfile\systemDictionary.cpp, line 256]
Event: 12.847 Thread 0x000002dd2919d790 Exception <a 'java/lang/ClassNotFoundException'{0x00000000c71a62f0}: org/springframework/beans/factory/support/BeanDefinitionRegistryPostProcessorCustomizer> (0x00000000c71a62f0) 
thrown [t:\workspace\open\src\hotspot\share\classfile\systemDictionary.cpp, line 256]
Event: 12.850 Thread 0x000002dd2919d790 Exception <a 'java/lang/ClassNotFoundException'{0x00000000c71ace50}: org/springframework/beans/factory/config/BeanFactoryPostProcessorCustomizer> (0x00000000c71ace50) 
thrown [t:\workspace\open\src\hotspot\share\classfile\systemDictionary.cpp, line 256]
Event: 12.852 Thread 0x000002dd2919d790 Exception <a 'java/lang/ClassNotFoundException'{0x00000000c71b3728}: org/springframework/core/PriorityOrderedCustomizer> (0x00000000c71b3728) 
thrown [t:\workspace\open\src\hotspot\share\classfile\systemDictionary.cpp, line 256]
Event: 12.855 Thread 0x000002dd2919d790 Exception <a 'java/lang/ClassNotFoundException'{0x00000000c6f00c10}: org/springframework/core/OrderedCustomizer> (0x00000000c6f00c10) 
thrown [t:\workspace\open\src\hotspot\share\classfile\systemDictionary.cpp, line 256]
Event: 12.884 Thread 0x000002dd2919d790 Exception <a 'java/lang/ClassNotFoundException'{0x00000000c6f072b8}: org/springframework/context/ResourceLoaderAwareCustomizer> (0x00000000c6f072b8) 
thrown [t:\workspace\open\src\hotspot\share\classfile\systemDictionary.cpp, line 256]
Event: 12.888 Thread 0x000002dd2919d790 Exception <a 'java/lang/ClassNotFoundException'{0x00000000c6f0da88}: org/springframework/beans/factory/AwareCustomizer> (0x00000000c6f0da88) 
thrown [t:\workspace\open\src\hotspot\share\classfile\systemDictionary.cpp, line 256]
Event: 12.892 Thread 0x000002dd2919d790 Exception <a 'java/lang/ClassNotFoundException'{0x00000000c6f13280}: org/springframework/context/ApplicationStartupAwareCustomizer> (0x00000000c6f13280) 
thrown [t:\workspace\open\src\hotspot\share\classfile\systemDictionary.cpp, line 256]
Event: 12.895 Thread 0x000002dd2919d790 Exception <a 'java/lang/ClassNotFoundException'{0x00000000c6f19cd8}: org/springframework/beans/factory/AwareCustomizer> (0x00000000c6f19cd8) 
thrown [t:\workspace\open\src\hotspot\share\classfile\systemDictionary.cpp, line 256]
Event: 12.896 Thread 0x000002dd2919d790 Exception <a 'java/lang/ClassNotFoundException'{0x00000000c6f1f598}: org/springframework/beans/factory/BeanClassLoaderAwareCustomizer> (0x00000000c6f1f598) 
thrown [t:\workspace\open\src\hotspot\share\classfile\systemDictionary.cpp, line 256]
Event: 12.898 Thread 0x000002dd2919d790 Exception <a 'java/lang/ClassNotFoundException'{0x00000000c6f25d50}: org/springframework/beans/factory/AwareCustomizer> (0x00000000c6f25d50) 
thrown [t:\workspace\open\src\hotspot\share\classfile\systemDictionary.cpp, line 256]
Event: 12.899 Thread 0x000002dd2919d790 Exception <a 'java/lang/ClassNotFoundException'{0x00000000c6f2b2a0}: org/springframework/context/EnvironmentAwareCustomizer> (0x00000000c6f2b2a0) 
thrown [t:\workspace\open\src\hotspot\share\classfile\systemDictionary.cpp, line 256]
Event: 12.900 Thread 0x000002dd2919d790 Exception <a 'java/lang/ClassNotFoundException'{0x00000000c6f319f0}: org/springframework/beans/factory/AwareCustomizer> (0x00000000c6f319f0) 
thrown [t:\workspace\open\src\hotspot\share\classfile\systemDictionary.cpp, line 256]

VM Operations (20 events):
Event: 9.672 Executing VM operation: HandshakeAllThreads
Event: 9.672 Executing VM operation: HandshakeAllThreads done
Event: 10.677 Executing VM operation: Cleanup
Event: 10.695 Executing VM operation: Cleanup done
Event: 10.754 Executing VM operation: HandshakeAllThreads
Event: 10.754 Executing VM operation: HandshakeAllThreads done
Event: 10.930 Executing VM operation: HandshakeAllThreads
Event: 10.930 Executing VM operation: HandshakeAllThreads done
Event: 11.039 Executing VM operation: HandshakeAllThreads
Event: 11.039 Executing VM operation: HandshakeAllThreads done
Event: 12.042 Executing VM operation: Cleanup
Event: 12.042 Executing VM operation: Cleanup done
Event: 12.486 Executing VM operation: HandshakeAllThreads
Event: 12.501 Executing VM operation: HandshakeAllThreads done
Event: 12.530 Executing VM operation: G1CollectForAllocation
Event: 12.545 Executing VM operation: G1CollectForAllocation done
Event: 12.647 Executing VM operation: HandshakeAllThreads
Event: 12.647 Executing VM operation: HandshakeAllThreads done
Event: 12.819 Executing VM operation: HandshakeAllThreads
Event: 12.819 Executing VM operation: HandshakeAllThreads done

Events (20 events):
Event: 12.819 loading class java/beans/BeanProperty
Event: 12.819 loading class java/beans/BeanProperty done
Event: 12.819 loading class jdk/internal/vm/annotation/IntrinsicCandidate
Event: 12.820 loading class jdk/internal/vm/annotation/IntrinsicCandidate done
Event: 12.828 loading class java/beans/Transient
Event: 12.829 loading class java/beans/Transient done
Event: 12.830 loading class com/sun/beans/introspect/PropertyInfo$Name
Event: 12.831 loading class com/sun/beans/introspect/PropertyInfo$Name done
Event: 12.832 loading class java/beans/GenericBeanInfo
Event: 12.832 loading class java/beans/SimpleBeanInfo
Event: 12.834 loading class java/beans/SimpleBeanInfo done
Event: 12.834 loading class java/beans/GenericBeanInfo done
Event: 12.838 loading class java/util/Hashtable$EntrySet
Event: 12.842 loading class java/util/Hashtable$EntrySet done
Event: 12.915 loading class java/util/concurrent/ConcurrentLinkedDeque$Itr
Event: 12.916 loading class java/util/concurrent/ConcurrentLinkedDeque$AbstractItr
Event: 12.916 loading class java/util/concurrent/ConcurrentLinkedDeque$AbstractItr done
Event: 12.916 loading class java/util/concurrent/ConcurrentLinkedDeque$Itr done
Event: 12.950 loading class java/net/SocketException
Event: 12.951 loading class java/net/SocketException done


Dynamic libraries:
0x00007ff7487d0000 - 0x00007ff7487e0000 	C:\Program Files\Java\jdk-17.0.1\bin\java.exe
0x00007ff8385e0000 - 0x00007ff8387e9000 	C:\WINDOWS\SYSTEM32\ntdll.dll
0x00007ff837c70000 - 0x00007ff837d2d000 	C:\WINDOWS\System32\KERNEL32.DLL
0x00007ff835d30000 - 0x00007ff8360a9000 	C:\WINDOWS\System32\KERNELBASE.dll
0x00007ff836130000 - 0x00007ff836241000 	C:\WINDOWS\System32\ucrtbase.dll
0x00007ff831e60000 - 0x00007ff831e78000 	C:\Program Files\Java\jdk-17.0.1\bin\jli.dll
0x00007ff8384b0000 - 0x00007ff83855e000 	C:\WINDOWS\System32\ADVAPI32.dll
0x00007ff836710000 - 0x00007ff8367b3000 	C:\WINDOWS\System32\msvcrt.dll
0x00007ff836d80000 - 0x00007ff836e1e000 	C:\WINDOWS\System32\sechost.dll
0x00007ff8365f0000 - 0x00007ff836710000 	C:\WINDOWS\System32\RPCRT4.dll
0x00007ff8368c0000 - 0x00007ff836a6c000 	C:\WINDOWS\System32\USER32.dll
0x00007ff835bf0000 - 0x00007ff835c16000 	C:\WINDOWS\System32\win32u.dll
0x00007ff838570000 - 0x00007ff838599000 	C:\WINDOWS\System32\GDI32.dll
0x00007ff835ad0000 - 0x00007ff835be2000 	C:\WINDOWS\System32\gdi32full.dll
0x00007ff835c90000 - 0x00007ff835d2d000 	C:\WINDOWS\System32\msvcp_win.dll
0x00007ff812770000 - 0x00007ff812a15000 	C:\WINDOWS\WinSxS\amd64_microsoft.windows.common-controls_6595b64144ccf1df_6.0.22000.120_none_9d947278b86cc467\COMCTL32.dll
0x00007ff829f70000 - 0x00007ff829f7a000 	C:\WINDOWS\SYSTEM32\VERSION.dll
0x00007ff830630000 - 0x00007ff83064a000 	C:\Program Files\Java\jdk-17.0.1\bin\VCRUNTIME140.dll
0x00007ff8380b0000 - 0x00007ff8380e1000 	C:\WINDOWS\System32\IMM32.DLL
0x00007ff832360000 - 0x00007ff83236c000 	C:\Program Files\Java\jdk-17.0.1\bin\vcruntime140_1.dll
0x00007ff821eb0000 - 0x00007ff821f3d000 	C:\Program Files\Java\jdk-17.0.1\bin\msvcp140.dll
0x00007ffff36a0000 - 0x00007ffff425e000 	C:\Program Files\Java\jdk-17.0.1\bin\server\jvm.dll
0x00007ff838320000 - 0x00007ff838328000 	C:\WINDOWS\System32\PSAPI.DLL
0x00007ff82fff0000 - 0x00007ff82fff9000 	C:\WINDOWS\SYSTEM32\WSOCK32.dll
0x00007ff836850000 - 0x00007ff8368bf000 	C:\WINDOWS\System32\WS2_32.dll
0x00007ff833680000 - 0x00007ff8336b3000 	C:\WINDOWS\SYSTEM32\WINMM.dll
0x00007ff834c40000 - 0x00007ff834c58000 	C:\WINDOWS\SYSTEM32\kernel.appcore.dll
0x00007ff8322f0000 - 0x00007ff8322fa000 	C:\Program Files\Java\jdk-17.0.1\bin\jimage.dll
0x00007ff833450000 - 0x00007ff833671000 	C:\WINDOWS\SYSTEM32\DBGHELP.DLL
0x00007ff815db0000 - 0x00007ff815de1000 	C:\WINDOWS\SYSTEM32\dbgcore.DLL
0x00007ff8360b0000 - 0x00007ff83612f000 	C:\WINDOWS\System32\bcryptPrimitives.dll
0x00007ff8306a0000 - 0x00007ff8306ae000 	C:\Program Files\Java\jdk-17.0.1\bin\instrument.dll
0x00007ff8224a0000 - 0x00007ff8224c5000 	C:\Program Files\Java\jdk-17.0.1\bin\java.dll
0x00007ff816440000 - 0x00007ff816516000 	C:\Program Files\Java\jdk-17.0.1\bin\svml.dll
0x00007ff836e90000 - 0x00007ff83763f000 	C:\WINDOWS\System32\SHELL32.dll
0x00007ff833c00000 - 0x00007ff834468000 	C:\WINDOWS\SYSTEM32\windows.storage.dll
0x00007ff837d30000 - 0x00007ff8380a8000 	C:\WINDOWS\System32\combase.dll
0x00007ff833a90000 - 0x00007ff833bf6000 	C:\WINDOWS\SYSTEM32\wintypes.dll
0x00007ff836a70000 - 0x00007ff836b5a000 	C:\WINDOWS\System32\SHCORE.dll
0x00007ff838450000 - 0x00007ff8384ad000 	C:\WINDOWS\System32\shlwapi.dll
0x00007ff835a00000 - 0x00007ff835a21000 	C:\WINDOWS\SYSTEM32\profapi.dll
0x00007ff821e40000 - 0x00007ff821e58000 	C:\Program Files\Java\jdk-17.0.1\bin\zip.dll
0x00007ff830610000 - 0x00007ff830629000 	C:\Program Files\Java\jdk-17.0.1\bin\net.dll
0x00007ff832fb0000 - 0x00007ff8330bc000 	C:\WINDOWS\SYSTEM32\WINHTTP.dll
0x00007ff835070000 - 0x00007ff8350d7000 	C:\WINDOWS\system32\mswsock.dll
0x00007ff8224f0000 - 0x00007ff822505000 	C:\Program Files\Java\jdk-17.0.1\bin\nio.dll
0x00007ff816b10000 - 0x00007ff816b2a000 	C:\Program Files\JetBrains\IntelliJ IDEA Community Edition 2021.2.3\bin\breakgen64.dll
0x00007ff830580000 - 0x00007ff830590000 	C:\Program Files\Java\jdk-17.0.1\bin\verify.dll
0x00007ff829ab0000 - 0x00007ff829ab9000 	C:\Program Files\Java\jdk-17.0.1\bin\management.dll
0x00007ff829980000 - 0x00007ff82998b000 	C:\Program Files\Java\jdk-17.0.1\bin\management_ext.dll
0x00007ffffffd0000 - 0x00007ffffffe7000 	C:\WINDOWS\system32\napinsp.dll
0x00007ffffffb0000 - 0x00007ffffffcb000 	C:\WINDOWS\system32\pnrpnsp.dll
0x00007ff8346e0000 - 0x00007ff8347c8000 	C:\WINDOWS\SYSTEM32\DNSAPI.dll
0x00007ff8346b0000 - 0x00007ff8346dd000 	C:\WINDOWS\SYSTEM32\IPHLPAPI.DLL
0x00007ff838560000 - 0x00007ff838569000 	C:\WINDOWS\System32\NSI.dll
0x00007ffffff90000 - 0x00007ffffffa2000 	C:\WINDOWS\System32\winrnr.dll
0x00007ff803e50000 - 0x00007ff803e65000 	C:\WINDOWS\system32\wshbth.dll
0x00007ffffff70000 - 0x00007ffffff8f000 	C:\WINDOWS\system32\nlansp_c.dll
0x00007ff824480000 - 0x00007ff82448a000 	C:\Windows\System32\rasadhlp.dll
0x00007ff824500000 - 0x00007ff824581000 	C:\WINDOWS\System32\fwpuclnt.dll

dbghelp: loaded successfully - version: 4.0.5 - missing functions: none
symbol engine: initialized successfully - sym options: 0x614 - pdb path: .;C:\Program Files\Java\jdk-17.0.1\bin;C:\WINDOWS\SYSTEM32;C:\WINDOWS\WinSxS\amd64_microsoft.windows.common-controls_6595b64144ccf1df_6.0.22000.120_none_9d947278b86cc467;C:\Program Files\Java\jdk-17.0.1\bin\server;C:\Program Files\JetBrains\IntelliJ IDEA Community Edition 2021.2.3\bin

VM Arguments:
jvm_args: -ea -Didea.test.cyclic.buffer.size=1048576 -javaagent:C:\Program Files\JetBrains\IntelliJ IDEA Community Edition 2021.2.3\lib\idea_rt.jar=55272:C:\Program Files\JetBrains\IntelliJ IDEA Community Edition 2021.2.3\bin -Dfile.encoding=UTF-8 
java_command: com.intellij.rt.junit.JUnitStarter -ideVersion5 -junit5 com.examplecodebuffer.sprinboot.controller.DepartmentControllerTest,fetchDepartmentByID
java_class_path (initial): C:\Users\suraj\.m2\repository\org\junit\platform\junit-platform-launcher\1.8.2\junit-platform-launcher-1.8.2.jar;C:\Program Files\JetBrains\IntelliJ IDEA Community Edition 2021.2.3\lib\idea_rt.jar;C:\Program Files\JetBrains\IntelliJ IDEA Community Edition 2021.2.3\plugins\junit\lib\junit5-rt.jar;C:\Program Files\JetBrains\IntelliJ IDEA Community Edition 2021.2.3\plugins\junit\lib\junit-rt.jar;S:\Java spring boot\sprinboot\sprinboot\target\test-classes;S:\Java spring boot\sprinboot\sprinboot\target\classes;C:\Users\suraj\.m2\repository\org\springframework\boot\spring-boot-starter-web\2.6.7\spring-boot-starter-web-2.6.7.jar;C:\Users\suraj\.m2\repository\org\springframework\boot\spring-boot-starter\2.6.7\spring-boot-starter-2.6.7.jar;C:\Users\suraj\.m2\repository\org\springframework\boot\spring-boot-starter-logging\2.6.7\spring-boot-starter-logging-2.6.7.jar;C:\Users\suraj\.m2\repository\ch\qos\logback\logback-classic\1.2.11\logback-classic-1.2.11.jar;C:\Users\suraj\.m2\repository\ch\qos\logback\logback-core\1.2.11\logback-core-1.2.11.jar;C:\Users\suraj\.m2\repository\org\apache\logging\log4j\log4j-to-slf4j\2.17.2\log4j-to-slf4j-2.17.2.jar;C:\Users\suraj\.m2\repository\org\apache\logging\log4j\log4j-api\2.17.2\log4j-api-2.17.2.jar;C:\Users\suraj\.m2\repository\org\slf4j\jul-to-slf4j\1.7.36\jul-to-slf4j-1.7.36.jar;C:\Users\suraj\.m2\repository\jakarta\annotation\jakarta.annotation-api\1.3.5\jakarta.annotation-api-1.3.5.jar;C:\Users\suraj\.m2\repository\org\yaml\snakeyaml\1.29\snakeyaml-1.29.jar;C:\Users\suraj\.m2\repository\org\springframework\boot\spring-boot-starter-json\2.6.7\spring-boot-starter-json-2.6.7.jar;C:\Users\suraj\.m2\repository\com\fasterxml\jackson\core\jackson-databind\2.13.2.1\jackson-databind-2.13.2.1.jar;C:\Users\suraj\.m2\repository\com\fasterxml\jackson\core\jackson-annotations\2.13.2\jackson-annotations-2.13.2.jar;C:\Users\suraj\.m2\repository\com\fasterxml\jackson\core\jackson-core\2.13.2\jackson-core-2.13.2.jar;C:\Us
Launcher Type: SUN_STANDARD

[Global flags]
     intx CICompilerCount                          = 3                                         {product} {ergonomic}
     uint ConcGCThreads                            = 1                                         {product} {ergonomic}
     uint G1ConcRefinementThreads                  = 4                                         {product} {ergonomic}
   size_t G1HeapRegionSize                         = 1048576                                   {product} {ergonomic}
    uintx GCDrainStackTargetSize                   = 64                                        {product} {ergonomic}
   size_t InitialHeapSize                          = 65011712                                  {product} {ergonomic}
   size_t MarkStackSize                            = 4194304                                   {product} {ergonomic}
   size_t MaxHeapSize                              = 1015021568                                {product} {ergonomic}
   size_t MaxNewSize                               = 608174080                                 {product} {ergonomic}
   size_t MinHeapDeltaBytes                        = 1048576                                   {product} {ergonomic}
   size_t MinHeapSize                              = 8388608                                   {product} {ergonomic}
    uintx NonNMethodCodeHeapSize                   = 5832780                                {pd product} {ergonomic}
    uintx NonProfiledCodeHeapSize                  = 122912730                              {pd product} {ergonomic}
    uintx ProfiledCodeHeapSize                     = 122912730                              {pd product} {ergonomic}
    uintx ReservedCodeCacheSize                    = 251658240                              {pd product} {ergonomic}
     bool SegmentedCodeCache                       = true                                      {product} {ergonomic}
   size_t SoftMaxHeapSize                          = 1015021568                             {manageable} {ergonomic}
     bool UseCompressedClassPointers               = true                           {product lp64_product} {ergonomic}
     bool UseCompressedOops                        = true                           {product lp64_product} {ergonomic}
     bool UseG1GC                                  = true                                      {product} {ergonomic}
     bool UseLargePagesIndividualAllocation        = false                                  {pd product} {ergonomic}

Logging:
Log output configuration:
 #0: stdout all=warning uptime,level,tags
 #1: stderr all=off uptime,level,tags

Environment Variables:
PATH=C:\Program Files\Common Files\Oracle\Java\javapath;C:\Program Files\Python310\Scripts\;C:\Program Files\Python310\;C:\Program Files (x86)\Common Files\Intel\Shared Libraries\redist\intel64\compiler;C:\Program Files (x86)\NVIDIA Corporation\PhysX\Common;C:\WINDOWS\system32;C:\WINDOWS;C:\WINDOWS\System32\Wbem;C:\WINDOWS\System32\WindowsPowerShell\v1.0\;C:\WINDOWS\System32\OpenSSH\;C:\Program Files\dotnet\;C:\Users\suraj\AppData\Local\Microsoft\WindowsApps;;C:\Users\suraj\AppData\Local\Programs\Microsoft VS Code\bin;C:\Program Files\JetBrains\IntelliJ IDEA Community Edition 2021.2.3\bin;
USERNAME=suraj
OS=Windows_NT
PROCESSOR_IDENTIFIER=Intel64 Family 6 Model 142 Stepping 12, GenuineIntel



---------------  S Y S T E M  ---------------

OS:
 Windows 10 , 64 bit Build 22000 (10.0.22000.675)
OS uptime: 0 days 3:16 hours

CPU: total 4 (initial active 4) (2 cores per cpu, 2 threads per core) family 6 model 142 stepping 12 microcode 0xde, cx8, cmov, fxsr, ht, mmx, 3dnowpref, sse, sse2, sse3, ssse3, sse4.1, sse4.2, popcnt, lzcnt, tsc, tscinvbit, avx, avx2, aes, erms, clmul, bmi1, bmi2, adx, fma, vzeroupper, clflush, clflushopt

Memory: 4k page, system-wide physical 3871M (327M free)
TotalPageFile size 15647M (AvailPageFile size 0M)
current process WorkingSet (physical memory assigned to process): 107M, peak: 107M
current process commit charge ("private bytes"): 176M, peak: 177M

vm_info: Java HotSpot(TM) 64-Bit Server VM (17.0.1+12-LTS-39) for windows-amd64 JRE (17.0.1+12-LTS-39), built on Sep 27 2021 18:41:35 by "mach5one" with MS VC++ 16.8 (VS2019)

END.
